"../../../Engine/Content/Functions/Engine_MaterialFunctions01/Shading/PowerToRoughness.uasset" 0
"../../../Engine/Content/Functions/Engine_MaterialFunctions01/Shading/PowerToRoughness.uexp" 1
"../../../Engine/Content/Functions/Engine_MaterialFunctions01/Shading/ConvertFromDiffSpec.uasset" 2
"../../../Engine/Content/Functions/Engine_MaterialFunctions01/Shading/ConvertFromDiffSpec.uexp" 3
"../../../Engine/Content/EngineSounds/Master.uasset" 4
"../../../Engine/Content/EngineSounds/Master.uexp" 5
"../../../Engine/Content/EngineSky/VolumetricClouds/CloudWeatherTexture.uasset" 6
"../../../Engine/Content/EngineSky/VolumetricClouds/CloudWeatherTexture.uexp" 7
"../../../Engine/Content/Functions/Engine_MaterialFunctions02/Utility/MakeFloat2.uasset" 8
"../../../Engine/Content/Functions/Engine_MaterialFunctions02/Utility/MakeFloat2.uexp" 9
"../../../Engine/Content/EngineSky/VolumetricClouds/CloudGradientTexture.uasset" 10
"../../../Engine/Content/EngineSky/VolumetricClouds/CloudGradientTexture.uexp" 11
"../../../Engine/Content/EngineSky/VolumetricClouds/T_NoiseShape64.ubulk" 12
"../../../Engine/Content/EngineSky/VolumetricClouds/T_NoiseShape64.uasset" 13
"../../../Engine/Content/EngineSky/VolumetricClouds/T_NoiseShape64.uexp" 14
"../../../Engine/Content/EngineSky/VolumetricClouds/T_VolumeNoiseShape64.uasset" 15
"../../../Engine/Content/EngineSky/VolumetricClouds/T_VolumeNoiseShape64.uexp" 16
"../../../Engine/Content/EngineSky/VolumetricClouds/T_NoiseErosion.ubulk" 17
"../../../Engine/Content/EngineSky/VolumetricClouds/T_NoiseErosion.uasset" 18
"../../../Engine/Content/EngineSky/VolumetricClouds/T_NoiseErosion.uexp" 19
"../../../Engine/Content/EngineSky/VolumetricClouds/T_VolumeNoiseErosion32.uasset" 20
"../../../Engine/Content/EngineSky/VolumetricClouds/T_VolumeNoiseErosion32.uexp" 21
"../../../Engine/Content/EngineSky/VolumetricClouds/m_SimpleVolumetricCloud.uasset" 22
"../../../Engine/Content/EngineSky/VolumetricClouds/m_SimpleVolumetricCloud.uexp" 23
"../../../Engine/Content/EngineSky/VolumetricClouds/m_SimpleVolumetricCloud_Inst.uasset" 24
"../../../Engine/Content/EngineSky/VolumetricClouds/m_SimpleVolumetricCloud_Inst.uexp" 25
"../../../Engine/Content/EngineResources/GradientTexture0.uasset" 26
"../../../Engine/Content/EngineResources/GradientTexture0.uexp" 27
"../../../Engine/Content/EngineResources/DefaultVolumeTexture2D.uasset" 28
"../../../Engine/Content/EngineResources/DefaultVolumeTexture2D.uexp" 29
"../../../Engine/Content/EngineResources/DefaultVolumeTexture.uasset" 30
"../../../Engine/Content/EngineResources/DefaultVolumeTexture.uexp" 31
"../../../Engine/Content/EngineResources/DefaultTextureCube.uasset" 32
"../../../Engine/Content/EngineResources/DefaultTextureCube.uexp" 33
"../../../Engine/Content/EngineResources/FilmGrains/Marcie_Grain_v3_128_M2_000.uasset" 34
"../../../Engine/Content/EngineResources/FilmGrains/Marcie_Grain_v3_128_M2_000.uexp" 35
"../../../Engine/Content/EngineMeshes/Sphere.uasset" 36
"../../../Engine/Content/EngineMeshes/Sphere.uexp" 37
"../../../Engine/Content/EngineResources/WhiteSquareTexture.uasset" 38
"../../../Engine/Content/EngineResources/WhiteSquareTexture.uexp" 39
"../../../Engine/Content/EngineMaterials/Widget3DPassThrough.uasset" 40
"../../../Engine/Content/EngineMaterials/Widget3DPassThrough.uexp" 41
"../../../Engine/Content/EngineMaterials/Widget3DPassThrough_Translucent.uasset" 42
"../../../Engine/Content/EngineMaterials/Widget3DPassThrough_Translucent.uexp" 43
"../../../Engine/Content/EngineMaterials/Widget3DPassThrough_Translucent_OneSided.uasset" 44
"../../../Engine/Content/EngineMaterials/Widget3DPassThrough_Translucent_OneSided.uexp" 45
"../../../Engine/Content/EngineMaterials/Widget3DPassThrough_Opaque.uasset" 46
"../../../Engine/Content/EngineMaterials/Widget3DPassThrough_Opaque.uexp" 47
"../../../Engine/Content/EngineMaterials/Widget3DPassThrough_Opaque_OneSided.uasset" 48
"../../../Engine/Content/EngineMaterials/Widget3DPassThrough_Opaque_OneSided.uexp" 49
"../../../Engine/Content/EngineMaterials/Widget3DPassThrough_Masked_OneSided.uasset" 50
"../../../Engine/Content/EngineMaterials/Widget3DPassThrough_Masked_OneSided.uexp" 51
"../../../Engine/Content/EngineMaterials/Widget3DPassThrough_Masked.uasset" 52
"../../../Engine/Content/EngineMaterials/Widget3DPassThrough_Masked.uexp" 53
"../../../Engine/Content/EngineMaterials/WeightMapPlaceholderTexture.uasset" 54
"../../../Engine/Content/EngineMaterials/WeightMapPlaceholderTexture.uexp" 55
"../../../Engine/Content/EngineMaterials/RemoveSurfaceMaterial.uasset" 56
"../../../Engine/Content/EngineMaterials/RemoveSurfaceMaterial.uexp" 57
"../../../Engine/Content/EngineMaterials/PreintegratedSkinBRDF.uasset" 58
"../../../Engine/Content/EngineMaterials/PreintegratedSkinBRDF.uexp" 59
"../../../Engine/Content/Functions/Engine_MaterialFunctions02/WorldPositionOffset/CameraOffset.uasset" 60
"../../../Engine/Content/Functions/Engine_MaterialFunctions02/WorldPositionOffset/CameraOffset.uexp" 61
"../../../Engine/Content/EngineMaterials/PhAT_JointLimitMaterial.uasset" 62
"../../../Engine/Content/EngineMaterials/PhAT_JointLimitMaterial.uexp" 63
"../../../Engine/Content/EngineMaterials/InvalidLightmapSettings.ubulk" 64
"../../../Engine/Content/EngineMaterials/InvalidLightmapSettings.uasset" 65
"../../../Engine/Content/EngineMaterials/InvalidLightmapSettings.uexp" 66
"../../../Engine/Content/EngineMaterials/M_InvalidLightmapSettings.uasset" 67
"../../../Engine/Content/EngineMaterials/M_InvalidLightmapSettings.uexp" 68
"../../../Engine/Content/EngineMaterials/MiniFont.uasset" 69
"../../../Engine/Content/EngineMaterials/MiniFont.uexp" 70
"../../../Engine/Content/EngineMaterials/GizmoMaterial.uasset" 71
"../../../Engine/Content/EngineMaterials/GizmoMaterial.uexp" 72
"../../../Engine/Content/EngineMaterials/BaseFlattenEmissiveMap_VT.uasset" 73
"../../../Engine/Content/EngineMaterials/BaseFlattenEmissiveMap_VT.uexp" 74
"../../../Engine/Content/EngineMaterials/BaseFlattenGrayscaleMap_VT.uasset" 75
"../../../Engine/Content/EngineMaterials/BaseFlattenGrayscaleMap_VT.uexp" 76
"../../../Engine/Content/EngineMaterials/BaseFlattenLinearColor_VT.uasset" 77
"../../../Engine/Content/EngineMaterials/BaseFlattenLinearColor_VT.uexp" 78
"../../../Engine/Content/EngineMaterials/Black_1x1_EXR_Texture_VT.uasset" 79
"../../../Engine/Content/EngineMaterials/Black_1x1_EXR_Texture_VT.uexp" 80
"../../../Engine/Content/EngineMaterials/BaseFlattenDiffuseMap_VT.uasset" 81
"../../../Engine/Content/EngineMaterials/BaseFlattenDiffuseMap_VT.uexp" 82
"../../../Engine/Content/EngineMaterials/BaseFlattenNormalMap_VT.uasset" 83
"../../../Engine/Content/EngineMaterials/BaseFlattenNormalMap_VT.uexp" 84
"../../../Engine/Content/EngineMaterials/FlattenMaterial_WS_Normal_VT.uasset" 85
"../../../Engine/Content/EngineMaterials/FlattenMaterial_WS_Normal_VT.uexp" 86
"../../../Engine/Content/EngineMaterials/FlattenMaterial_VT.uasset" 87
"../../../Engine/Content/EngineMaterials/FlattenMaterial_VT.uexp" 88
"../../../Engine/Content/EngineMaterials/BaseFlattenNormalMap.uasset" 89
"../../../Engine/Content/EngineMaterials/BaseFlattenNormalMap.uexp" 90
"../../../Engine/Content/EngineMaterials/BaseFlattenGrayscaleMap.uasset" 91
"../../../Engine/Content/EngineMaterials/BaseFlattenGrayscaleMap.uexp" 92
"../../../Engine/Content/EngineMaterials/BaseFlattenDiffuseMap.uasset" 93
"../../../Engine/Content/EngineMaterials/BaseFlattenDiffuseMap.uexp" 94
"../../../Engine/Content/Functions/Engine_MaterialFunctions02/PivotPainter2/Black_1x1_EXR_Texture.uasset" 95
"../../../Engine/Content/Functions/Engine_MaterialFunctions02/PivotPainter2/Black_1x1_EXR_Texture.uexp" 96
"../../../Engine/Content/EngineMaterials/BaseFlattenEmissiveMap.uasset" 97
"../../../Engine/Content/EngineMaterials/BaseFlattenEmissiveMap.uexp" 98
"../../../Engine/Content/EngineMaterials/BaseFlattenLinearColor.uasset" 99
"../../../Engine/Content/EngineMaterials/BaseFlattenLinearColor.uexp" 100
"../../../Engine/Content/EngineMaterials/FlattenMaterial.uasset" 101
"../../../Engine/Content/EngineMaterials/FlattenMaterial.uexp" 102
"../../../Engine/Content/EngineMaterials/DefaultWhiteGrid_Low.uasset" 103
"../../../Engine/Content/EngineMaterials/DefaultWhiteGrid_Low.uexp" 104
"../../../Engine/Content/EngineMaterials/EmissiveMeshMaterial.uasset" 105
"../../../Engine/Content/EngineMaterials/EmissiveMeshMaterial.uexp" 106
"../../../Engine/Content/EngineMaterials/DefaultWhiteGrid.ubulk" 107
"../../../Engine/Content/EngineMaterials/DefaultWhiteGrid.uasset" 108
"../../../Engine/Content/EngineMaterials/DefaultWhiteGrid.uexp" 109
"../../../Engine/Content/EngineFonts/RobotoDistanceField.uasset" 110
"../../../Engine/Content/EngineFonts/RobotoDistanceField.uexp" 111
"../../../Engine/Content/EngineMaterials/DefaultTextMaterialOpaque.uasset" 112
"../../../Engine/Content/EngineMaterials/DefaultTextMaterialOpaque.uexp" 113
"../../../Engine/Content/EngineMaterials/DefaultDiffuse.ubulk" 114
"../../../Engine/Content/EngineMaterials/DefaultDiffuse.uasset" 115
"../../../Engine/Content/EngineMaterials/DefaultDiffuse.uexp" 116
"../../../Engine/Content/Functions/Engine_MaterialFunctions02/Utility/BreakOutFloat2Components.uasset" 117
"../../../Engine/Content/Functions/Engine_MaterialFunctions02/Utility/BreakOutFloat2Components.uexp" 118
"../../../Engine/Content/EngineMaterials/DefaultPostProcessMaterial.uasset" 119
"../../../Engine/Content/EngineMaterials/DefaultPostProcessMaterial.uexp" 120
"../../../Engine/Content/EngineMaterials/DefaultPhysicalMaterial.uasset" 121
"../../../Engine/Content/EngineMaterials/DefaultPhysicalMaterial.uexp" 122
"../../../Engine/Content/EngineMaterials/DefaultLightFunctionMaterial.uasset" 123
"../../../Engine/Content/EngineMaterials/DefaultLightFunctionMaterial.uexp" 124
"../../../Engine/Content/EngineMaterials/DefaultDestructiblePhysicalMaterial.uasset" 125
"../../../Engine/Content/EngineMaterials/DefaultDestructiblePhysicalMaterial.uexp" 126
"../../../Engine/Content/EngineMaterials/DefaultDeferredDecalMaterial.uasset" 127
"../../../Engine/Content/EngineMaterials/DefaultDeferredDecalMaterial.uexp" 128
"../../../Engine/Content/EngineMaterials/DefaultBokeh.uasset" 129
"../../../Engine/Content/EngineMaterials/DefaultBokeh.uexp" 130
"../../../Engine/Content/EngineMaterials/DefaultBloomKernel.uasset" 131
"../../../Engine/Content/EngineMaterials/DefaultBloomKernel.uexp" 132
"../../../Engine/Content/EngineMaterials/BlueNoise.uasset" 133
"../../../Engine/Content/EngineMaterials/BlueNoise.uexp" 134
"../../../Engine/Content/EngineFonts/Faces/RobotoLight.uexp" 135
"../../../Engine/Content/EngineFonts/Faces/RobotoLight.uasset" 136
"../../../Engine/Content/EngineFonts/Faces/RobotoLight.ufont" 137
"../../../Engine/Content/EngineFonts/Faces/RobotoBold.uexp" 138
"../../../Engine/Content/EngineFonts/Faces/RobotoBold.uasset" 139
"../../../Engine/Content/EngineFonts/Faces/RobotoBold.ufont" 140
"../../../Engine/Content/EngineFonts/Faces/RobotoRegular.uexp" 141
"../../../Engine/Content/EngineFonts/Faces/RobotoRegular.uasset" 142
"../../../Engine/Content/EngineFonts/Faces/RobotoRegular.ufont" 143
"../../../Engine/Content/EngineFonts/Faces/DroidSansFallback.uexp" 144
"../../../Engine/Content/EngineFonts/Faces/DroidSansFallback.uasset" 145
"../../../Engine/Content/EngineFonts/Faces/DroidSansFallback.ufont" 146
"../../../Engine/Content/EngineFonts/Faces/RobotoItalic.uexp" 147
"../../../Engine/Content/EngineFonts/Faces/RobotoItalic.uasset" 148
"../../../Engine/Content/EngineFonts/Faces/RobotoItalic.ufont" 149
"../../../Engine/Content/EngineFonts/Faces/RobotoBoldItalic.uexp" 150
"../../../Engine/Content/EngineFonts/Faces/RobotoBoldItalic.uasset" 151
"../../../Engine/Content/EngineFonts/Faces/RobotoBoldItalic.ufont" 152
"../../../Engine/Content/EngineFonts/Roboto.uasset" 153
"../../../Engine/Content/EngineFonts/Roboto.uexp" 154
"../../../Engine/Content/Functions/Engine_MaterialFunctions02/Utility/CameraDirectionVector.uasset" 155
"../../../Engine/Content/Functions/Engine_MaterialFunctions02/Utility/CameraDirectionVector.uexp" 156
"../../../Engine/Content/EngineDebugMaterials/VolumeToRender.uasset" 157
"../../../Engine/Content/EngineDebugMaterials/VolumeToRender.uexp" 158
"../../../Engine/Content/EngineDebugMaterials/M_VolumeRenderSphereTracePP.uasset" 159
"../../../Engine/Content/EngineDebugMaterials/M_VolumeRenderSphereTracePP.uexp" 160
"../../../Engine/Content/EngineDebugMaterials/M_SimpleUnlitTranslucent.uasset" 161
"../../../Engine/Content/EngineDebugMaterials/M_SimpleUnlitTranslucent.uexp" 162
"../../../Engine/Content/EngineDebugMaterials/DebugMeshMaterial.uasset" 163
"../../../Engine/Content/EngineDebugMaterials/DebugMeshMaterial.uexp" 164
"../../../Engine/Content/EngineDebugMaterials/DebugEditorMaterial.uasset" 165
"../../../Engine/Content/EngineDebugMaterials/DebugEditorMaterial.uexp" 166
"../../../Engine/Content/EngineDamageTypes/DmgTypeBP_Environmental.uasset" 167
"../../../Engine/Content/EngineDamageTypes/DmgTypeBP_Environmental.uexp" 168
"../../../Engine/Content/EditorResources/S_TriggerSphere.uasset" 169
"../../../Engine/Content/EditorResources/S_TriggerSphere.uexp" 170
"../../../Engine/Content/EditorResources/S_TriggerCapsule.uasset" 171
"../../../Engine/Content/EditorResources/S_TriggerCapsule.uexp" 172
"../../../Engine/Content/EditorResources/S_TriggerBox.uasset" 173
"../../../Engine/Content/EditorResources/S_TriggerBox.uexp" 174
"../../../Engine/Content/EditorResources/S_Trigger.ubulk" 175
"../../../Engine/Content/EditorResources/S_Trigger.uasset" 176
"../../../Engine/Content/EditorResources/S_Trigger.uexp" 177
"../../../Engine/Content/EditorResources/S_Terrain.ubulk" 178
"../../../Engine/Content/EditorResources/S_Terrain.uasset" 179
"../../../Engine/Content/EditorResources/S_Terrain.uexp" 180
"../../../Engine/Content/EditorResources/S_Solver.ubulk" 181
"../../../Engine/Content/EditorResources/S_Solver.uasset" 182
"../../../Engine/Content/EditorResources/S_Solver.uexp" 183
"../../../Engine/Content/EditorResources/S_BoxReflectionCapture.uasset" 184
"../../../Engine/Content/EditorResources/S_BoxReflectionCapture.uexp" 185
"../../../Engine/Content/EditorResources/S_Actor.ubulk" 186
"../../../Engine/Content/EditorResources/S_Actor.uasset" 187
"../../../Engine/Content/EditorResources/S_Actor.uexp" 188
"../../../Engine/Content/EditorResources/EmptyActor.uasset" 189
"../../../Engine/Content/EditorResources/EmptyActor.uexp" 190
"../../../Engine/Content/EditorResources/BSPVertex.uasset" 191
"../../../Engine/Content/EditorResources/BSPVertex.uexp" 192
"../../../Engine/Content/EditorResources/SequenceRecorder/RecordingIndicator.uasset" 193
"../../../Engine/Content/EditorResources/SequenceRecorder/RecordingIndicator.uexp" 194
"../../../Engine/Content/EditorResources/SequenceRecorder/Countdown.uasset" 195
"../../../Engine/Content/EditorResources/SequenceRecorder/Countdown.uexp" 196
"../../../Engine/Content/EditorResources/LightIcons/S_LightError.uasset" 197
"../../../Engine/Content/EditorResources/LightIcons/S_LightError.uexp" 198
"../../../Engine/Content/EditorMaterials/Camera/CineMat.uasset" 199
"../../../Engine/Content/EditorMaterials/Camera/CineMat.uexp" 200
"../../../Engine/Content/EditorMaterials/Camera/MI_CineMat_Rig.uasset" 201
"../../../Engine/Content/EditorMaterials/Camera/MI_CineMat_Rig.uexp" 202
"../../../Engine/Content/EditorMeshes/Camera/SM_RailRig_Track.uasset" 203
"../../../Engine/Content/EditorMeshes/Camera/SM_RailRig_Track.uexp" 204
"../../../Engine/Content/EditorMeshes/Camera/SM_RailRig_Mount.uasset" 205
"../../../Engine/Content/EditorMeshes/Camera/SM_RailRig_Mount.uexp" 206
"../../../Engine/Content/EditorMeshes/Camera/SM_CraneRig_Mount.uasset" 207
"../../../Engine/Content/EditorMeshes/Camera/SM_CraneRig_Mount.uexp" 208
"../../../Engine/Content/EditorMeshes/Camera/SM_CraneRig_Body.uasset" 209
"../../../Engine/Content/EditorMeshes/Camera/SM_CraneRig_Body.uexp" 210
"../../../Engine/Content/EditorMeshes/Camera/SM_CraneRig_Base.uasset" 211
"../../../Engine/Content/EditorMeshes/Camera/SM_CraneRig_Base.uexp" 212
"../../../Engine/Content/EditorMeshes/Camera/SM_CraneRig_Arm.uasset" 213
"../../../Engine/Content/EditorMeshes/Camera/SM_CraneRig_Arm.uexp" 214
"../../../Engine/Content/EditorMaterials/PreviewShadowIndicator.ubulk" 215
"../../../Engine/Content/EditorMaterials/PreviewShadowIndicator.uasset" 216
"../../../Engine/Content/EditorMaterials/PreviewShadowIndicator.uexp" 217
"../../../Engine/Content/EditorMaterials/PreviewShadowIndicatorMaterial.uasset" 218
"../../../Engine/Content/EditorMaterials/PreviewShadowIndicatorMaterial.uexp" 219
"../../../Engine/Content/EditorMaterials/MAT_Groups_Visibility.uasset" 220
"../../../Engine/Content/EditorMaterials/MAT_Groups_Visibility.uexp" 221
"../../../Engine/Content/EditorMaterials/MAT_Groups_Toggle.uasset" 222
"../../../Engine/Content/EditorMaterials/MAT_Groups_Toggle.uexp" 223
"../../../Engine/Content/Functions/Engine_MaterialFunctions02/Utility/MakeFloat4.uasset" 224
"../../../Engine/Content/Functions/Engine_MaterialFunctions02/Utility/MakeFloat4.uexp" 225
"../../../Engine/Content/Functions/Engine_MaterialFunctions02/Utility/MakeFloat3.uasset" 226
"../../../Engine/Content/Functions/Engine_MaterialFunctions02/Utility/MakeFloat3.uexp" 227
"../../../Engine/Content/Functions/Engine_MaterialFunctions02/Utility/BreakOutFloat3Components.uasset" 228
"../../../Engine/Content/Functions/Engine_MaterialFunctions02/Utility/BreakOutFloat3Components.uexp" 229
"../../../Engine/Content/EditorMaterials/WorldPartition/WorldPartitionSpatialHashGridPreviewMaterial.uasset" 230
"../../../Engine/Content/EditorMaterials/WorldPartition/WorldPartitionSpatialHashGridPreviewMaterial.uexp" 231
"../../../Engine/Content/EditorMaterials/ParticleSystems/PSysThumbnail_OOD.ubulk" 232
"../../../Engine/Content/EditorMaterials/ParticleSystems/PSysThumbnail_OOD.uasset" 233
"../../../Engine/Content/EditorMaterials/ParticleSystems/PSysThumbnail_OOD.uexp" 234
"../../../Engine/Content/EditorMaterials/ParticleSystems/PSysThumbnail_NoImage.ubulk" 235
"../../../Engine/Content/EditorMaterials/ParticleSystems/PSysThumbnail_NoImage.uasset" 236
"../../../Engine/Content/EditorMaterials/ParticleSystems/PSysThumbnail_NoImage.uexp" 237
"../../../Engine/Content/EditorMaterials/MatineeGroups/MAT_Groups_Vector.uasset" 238
"../../../Engine/Content/EditorMaterials/MatineeGroups/MAT_Groups_Vector.uexp" 239
"../../../Engine/Content/EditorMaterials/MatineeGroups/MAT_Groups_Sound.uasset" 240
"../../../Engine/Content/EditorMaterials/MatineeGroups/MAT_Groups_Sound.uexp" 241
"../../../Engine/Content/EditorMaterials/MatineeGroups/MAT_Groups_Slomo.uasset" 242
"../../../Engine/Content/EditorMaterials/MatineeGroups/MAT_Groups_Slomo.uexp" 243
"../../../Engine/Content/EditorMaterials/MatineeGroups/MAT_Groups_Move.uasset" 244
"../../../Engine/Content/EditorMaterials/MatineeGroups/MAT_Groups_Move.uexp" 245
"../../../Engine/Content/EditorMaterials/MatineeGroups/MAT_Groups_Float.uasset" 246
"../../../Engine/Content/EditorMaterials/MatineeGroups/MAT_Groups_Float.uexp" 247
"../../../Engine/Content/EditorMaterials/MatineeGroups/MAT_Groups_Fade.uasset" 248
"../../../Engine/Content/EditorMaterials/MatineeGroups/MAT_Groups_Fade.uexp" 249
"../../../Engine/Content/EditorMaterials/MatineeGroups/MAT_Groups_Event.uasset" 250
"../../../Engine/Content/EditorMaterials/MatineeGroups/MAT_Groups_Event.uexp" 251
"../../../Engine/Content/EditorMaterials/MatineeGroups/MAT_Groups_Director.uasset" 252
"../../../Engine/Content/EditorMaterials/MatineeGroups/MAT_Groups_Director.uexp" 253
"../../../Engine/Content/EditorMaterials/MatineeGroups/MAT_Groups_AudioMaster.uasset" 254
"../../../Engine/Content/EditorMaterials/MatineeGroups/MAT_Groups_AudioMaster.uexp" 255
"../../../Engine/Content/EditorMaterials/MatineeGroups/MAT_Groups_Anim.uasset" 256
"../../../Engine/Content/EditorMaterials/MatineeGroups/MAT_Groups_Anim.uexp" 257
"../../../Engine/Content/EditorMaterials/MatineeGroups/MAT_ColorTrack.uasset" 258
"../../../Engine/Content/EditorMaterials/MatineeGroups/MAT_ColorTrack.uexp" 259
"../../../Engine/Content/EditorLandscapeResources/DefaultAlphaTexture.uasset" 260
"../../../Engine/Content/EditorLandscapeResources/DefaultAlphaTexture.uexp" 261
"../../../Engine/Content/EditorLandscapeResources/DataLayer.uasset" 262
"../../../Engine/Content/EditorLandscapeResources/DataLayer.uexp" 263
"../../../Engine/Content/EngineMaterials/T_Default_Material_Grid_M.ubulk" 264
"../../../Engine/Content/EngineMaterials/T_Default_Material_Grid_M.uasset" 265
"../../../Engine/Content/EngineMaterials/T_Default_Material_Grid_M.uexp" 266
"../../../Engine/Content/EngineMaterials/T_Default_Material_Grid_N.ubulk" 267
"../../../Engine/Content/EngineMaterials/T_Default_Material_Grid_N.uasset" 268
"../../../Engine/Content/EngineMaterials/T_Default_Material_Grid_N.uexp" 269
"../../../Engine/Content/Functions/Engine_MaterialFunctions01/Opacity/CameraDepthFade.uasset" 270
"../../../Engine/Content/Functions/Engine_MaterialFunctions01/Opacity/CameraDepthFade.uexp" 271
"../../../Engine/Content/EngineMaterials/WorldGridMaterial.uasset" 272
"../../../Engine/Content/EngineMaterials/WorldGridMaterial.uexp" 273
"../../../Engine/Content/ArtTools/RenderToTexture/Meshes/S_1_Unit_Plane.uasset" 274
"../../../Engine/Content/ArtTools/RenderToTexture/Meshes/S_1_Unit_Plane.uexp" 275
"../../../Engine/Content/Tutorial/ContentIntroCurve.uasset" 276
"../../../Engine/Content/Tutorial/ContentIntroCurve.uexp" 277
"../../../Engine/Content/VREditor/TransformGizmo/Main.uasset" 278
"../../../Engine/Content/VREditor/TransformGizmo/Main.uexp" 279
"../../../Engine/Content/VREditor/TransformGizmo/Xray.uasset" 280
"../../../Engine/Content/VREditor/TransformGizmo/Xray.uexp" 281
"../../../Engine/Content/VREditor/TransformGizmo/SM_Sequencer_Node.uasset" 282
"../../../Engine/Content/VREditor/TransformGizmo/SM_Sequencer_Node.uexp" 283
"../../../Engine/Content/VREditor/LaserPointer/VR_LaserPower_01.ubulk" 284
"../../../Engine/Content/VREditor/LaserPointer/VR_LaserPower_01.uasset" 285
"../../../Engine/Content/VREditor/LaserPointer/VR_LaserPower_01.uexp" 286
"../../../Engine/Content/VREditor/TransformGizmo/TransformGizmoMaterial.uasset" 287
"../../../Engine/Content/VREditor/TransformGizmo/TransformGizmoMaterial.uexp" 288
"../../../Engine/Content/VREditor/TransformGizmo/TranslucentTransformGizmoMaterial.uasset" 289
"../../../Engine/Content/VREditor/TransformGizmo/TranslucentTransformGizmoMaterial.uexp" 290
"../../../Engine/Content/VREditor/TransformGizmo/PlaneTranslationHandle.uasset" 291
"../../../Engine/Content/VREditor/TransformGizmo/PlaneTranslationHandle.uexp" 292
"../../../Engine/Content/VREditor/TransformGizmo/BoundingBoxEdge.uasset" 293
"../../../Engine/Content/VREditor/TransformGizmo/BoundingBoxEdge.uexp" 294
"../../../Engine/Content/VREditor/TransformGizmo/BoundingBoxCorner.uasset" 295
"../../../Engine/Content/VREditor/TransformGizmo/BoundingBoxCorner.uexp" 296
"../../../Engine/Plugins/2D/Paper2D/Content/PlaceholderTextures/DummySpriteTexture.ubulk" 297
"../../../Engine/Plugins/2D/Paper2D/Content/PlaceholderTextures/DummySpriteTexture.uasset" 298
"../../../Engine/Plugins/2D/Paper2D/Content/PlaceholderTextures/DummySpriteTexture.uexp" 299
"../../../Engine/Plugins/2D/Paper2D/Content/DefaultSpriteMaterial.uasset" 300
"../../../Engine/Plugins/2D/Paper2D/Content/DefaultSpriteMaterial.uexp" 301
"../../../Engine/Plugins/2D/Paper2D/Content/OpaqueUnlitSpriteMaterial.uasset" 302
"../../../Engine/Plugins/2D/Paper2D/Content/OpaqueUnlitSpriteMaterial.uexp" 303
"../../../Engine/Plugins/2D/Paper2D/Content/MaskedUnlitSpriteMaterial.uasset" 304
"../../../Engine/Plugins/2D/Paper2D/Content/MaskedUnlitSpriteMaterial.uexp" 305
"../../../Engine/Plugins/2D/Paper2D/Content/DummySprite.uasset" 306
"../../../Engine/Plugins/2D/Paper2D/Content/DummySprite.uexp" 307
"../../../Engine/Plugins/2D/Paper2D/Content/DefaultPaperTerrainMaterial.uasset" 308
"../../../Engine/Plugins/2D/Paper2D/Content/DefaultPaperTerrainMaterial.uexp" 309
"../../../Engine/Plugins/Animation/ControlRig/Content/M_Manip.uasset" 310
"../../../Engine/Plugins/Animation/ControlRig/Content/M_Manip.uexp" 311
"../../../Engine/Plugins/Animation/ControlRig/Content/Controls/DefaultGizmoLibraryNormalized.uasset" 312
"../../../Engine/Plugins/Animation/ControlRig/Content/Controls/DefaultGizmoLibraryNormalized.uexp" 313
"../../../Engine/Plugins/Animation/ControlRig/Content/Controls/ControlRig_Wedge_solid.uasset" 314
"../../../Engine/Plugins/Animation/ControlRig/Content/Controls/ControlRig_Wedge_solid.uexp" 315
"../../../Engine/Plugins/Animation/ControlRig/Content/Controls/ControlRig_Wedge_3mm.uasset" 316
"../../../Engine/Plugins/Animation/ControlRig/Content/Controls/ControlRig_Wedge_3mm.uexp" 317
"../../../Engine/Plugins/Animation/ControlRig/Content/Controls/ControlRig_Wedge_1mm.uasset" 318
"../../../Engine/Plugins/Animation/ControlRig/Content/Controls/ControlRig_Wedge_1mm.uexp" 319
"../../../Engine/Plugins/Animation/ControlRig/Content/Controls/ControlRig_Triangle_solid.uasset" 320
"../../../Engine/Plugins/Animation/ControlRig/Content/Controls/ControlRig_Triangle_solid.uexp" 321
"../../../Engine/Plugins/Animation/ControlRig/Content/Controls/ControlRig_Triangle_3mm.uasset" 322
"../../../Engine/Plugins/Animation/ControlRig/Content/Controls/ControlRig_Triangle_3mm.uexp" 323
"../../../Engine/Plugins/Animation/ControlRig/Content/Controls/ControlRig_Triangle_1mm.uasset" 324
"../../../Engine/Plugins/Animation/ControlRig/Content/Controls/ControlRig_Triangle_1mm.uexp" 325
"../../../Engine/Plugins/Animation/ControlRig/Content/Controls/ControlRig_Star4_solid.uasset" 326
"../../../Engine/Plugins/Animation/ControlRig/Content/Controls/ControlRig_Star4_solid.uexp" 327
"../../../Engine/Plugins/Animation/ControlRig/Content/Controls/ControlRig_Star4_3mm.uasset" 328
"../../../Engine/Plugins/Animation/ControlRig/Content/Controls/ControlRig_Star4_3mm.uexp" 329
"../../../Engine/Plugins/Animation/ControlRig/Content/Controls/ControlRig_Star4_1mm.uasset" 330
"../../../Engine/Plugins/Animation/ControlRig/Content/Controls/ControlRig_Star4_1mm.uexp" 331
"../../../Engine/Plugins/Animation/ControlRig/Content/Controls/ControlRig_Square_solid.uasset" 332
"../../../Engine/Plugins/Animation/ControlRig/Content/Controls/ControlRig_Square_solid.uexp" 333
"../../../Engine/Plugins/Editor/SpeedTreeImporter/Content/SpeedTree9/game_wind_noise.ubulk" 334
"../../../Engine/Plugins/Editor/SpeedTreeImporter/Content/SpeedTree9/game_wind_noise.uasset" 335
"../../../Engine/Plugins/Editor/SpeedTreeImporter/Content/SpeedTree9/game_wind_noise.uexp" 336
"../../../Engine/Plugins/Editor/SpeedTreeImporter/Content/SpeedTree9/UnpackDirection.uasset" 337
"../../../Engine/Plugins/Editor/SpeedTreeImporter/Content/SpeedTree9/UnpackDirection.uexp" 338
"../../../Engine/Content/Functions/Engine_MaterialFunctions02/ObjectLocalBounds.uasset" 339
"../../../Engine/Content/Functions/Engine_MaterialFunctions02/ObjectLocalBounds.uexp" 340
"../../../Engine/Content/Functions/Engine_MaterialFunctions02/UVs/BoundingBoxBased_0-1_UVW.uasset" 341
"../../../Engine/Content/Functions/Engine_MaterialFunctions02/UVs/BoundingBoxBased_0-1_UVW.uexp" 342
"../../../Engine/Content/Functions/Engine_MaterialFunctions02/Utility/VectorLength.uasset" 343
"../../../Engine/Content/Functions/Engine_MaterialFunctions02/Utility/VectorLength.uexp" 344
"../../../Engine/Plugins/Editor/SpeedTreeImporter/Content/SpeedTree9/UnpackInteger3.uasset" 345
"../../../Engine/Plugins/Editor/SpeedTreeImporter/Content/SpeedTree9/UnpackInteger3.uexp" 346
"../../../Engine/Plugins/Editor/SpeedTreeImporter/Content/SpeedTree9/SpeedTreeCameraFacing.uasset" 347
"../../../Engine/Plugins/Editor/SpeedTreeImporter/Content/SpeedTree9/SpeedTreeCameraFacing.uexp" 348
"../../../Engine/Content/Functions/Engine_MaterialFunctions02/WorldPositionOffset/ObjectScale.uasset" 349
"../../../Engine/Content/Functions/Engine_MaterialFunctions02/WorldPositionOffset/ObjectScale.uexp" 350
"../../../Engine/Content/Functions/Engine_MaterialFunctions02/SafeNormalize.uasset" 351
"../../../Engine/Content/Functions/Engine_MaterialFunctions02/SafeNormalize.uexp" 352
"../../../Engine/Plugins/Editor/SpeedTreeImporter/Content/SpeedTree9/SpeedTreeWindMotion.uasset" 353
"../../../Engine/Plugins/Editor/SpeedTreeImporter/Content/SpeedTree9/SpeedTreeWindMotion.uexp" 354
"../../../Engine/Plugins/Editor/SpeedTreeImporter/Content/SpeedTree9/SpeedTreeBranchMotion.uasset" 355
"../../../Engine/Plugins/Editor/SpeedTreeImporter/Content/SpeedTree9/SpeedTreeBranchMotion.uexp" 356
"../../../Engine/Plugins/Editor/SpeedTreeImporter/Content/SpeedTree9/SpeedTreeWind.uasset" 357
"../../../Engine/Plugins/Editor/SpeedTreeImporter/Content/SpeedTree9/SpeedTreeWind.uexp" 358
"../../../Engine/Plugins/Editor/SpeedTreeImporter/Content/SpeedTree9/EmptyNormal.uasset" 359
"../../../Engine/Plugins/Editor/SpeedTreeImporter/Content/SpeedTree9/EmptyNormal.uexp" 360
"../../../Engine/Plugins/Editor/SpeedTreeImporter/Content/SpeedTree9/Empty.uasset" 361
"../../../Engine/Plugins/Editor/SpeedTreeImporter/Content/SpeedTree9/Empty.uexp" 362
"../../../Engine/Plugins/Editor/SpeedTreeImporter/Content/SpeedTree9/SpeedTreeMaster.uasset" 363
"../../../Engine/Plugins/Editor/SpeedTreeImporter/Content/SpeedTree9/SpeedTreeMaster.uexp" 364
"../../../Engine/Plugins/Editor/SpeedTreeImporter/Content/SpeedTree9/SpeedTreeBillboard.uasset" 365
"../../../Engine/Plugins/Editor/SpeedTreeImporter/Content/SpeedTree9/SpeedTreeBillboard.uexp" 366
"../../../Engine/Plugins/Editor/SpeedTreeImporter/Content/SpeedTree9/SpeedTreeBillboardMaster.uasset" 367
"../../../Engine/Plugins/Editor/SpeedTreeImporter/Content/SpeedTree9/SpeedTreeBillboardMaster.uexp" 368
"../../../Engine/Plugins/Compositing/Composure/Content/Textures/Debug/T_SuspendedElement.ubulk" 369
"../../../Engine/Plugins/Compositing/Composure/Content/Textures/Debug/T_SuspendedElement.uasset" 370
"../../../Engine/Plugins/Compositing/Composure/Content/Textures/Debug/T_SuspendedElement.uexp" 371
"../../../Engine/Plugins/Compositing/Composure/Content/Textures/Debug/T_EmptyElement.ubulk" 372
"../../../Engine/Plugins/Compositing/Composure/Content/Textures/Debug/T_EmptyElement.uasset" 373
"../../../Engine/Plugins/Compositing/Composure/Content/Textures/Debug/T_EmptyElement.uexp" 374
"../../../Engine/Plugins/Compositing/Composure/Content/Textures/Debug/T_DisabledElement.ubulk" 375
"../../../Engine/Plugins/Compositing/Composure/Content/Textures/Debug/T_DisabledElement.uasset" 376
"../../../Engine/Plugins/Compositing/Composure/Content/Textures/Debug/T_DisabledElement.uexp" 377
"../../../Engine/Plugins/Compositing/Composure/Content/Textures/Debug/T_CompilerError.ubulk" 378
"../../../Engine/Plugins/Compositing/Composure/Content/Textures/Debug/T_CompilerError.uasset" 379
"../../../Engine/Plugins/Compositing/Composure/Content/Textures/Debug/T_CompilerError.uexp" 380
"../../../Engine/Plugins/Compositing/Composure/Content/Materials/ReplaceTonemapper/ComposureReplaceTonemapperComposeBloom.uasset" 381
"../../../Engine/Plugins/Compositing/Composure/Content/Materials/ReplaceTonemapper/ComposureReplaceTonemapperComposeBloom.uexp" 382
"../../../Engine/Plugins/Compositing/Composure/Content/Materials/ReplaceTonemapper/ComposureReplaceTonemapperByTexture.uasset" 383
"../../../Engine/Plugins/Compositing/Composure/Content/Materials/ReplaceTonemapper/ComposureReplaceTonemapperByTexture.uexp" 384
"../../../Engine/Plugins/Compositing/Composure/Content/Materials/PassSetup/ComposureSimpleSetupMaterial.uasset" 385
"../../../Engine/Plugins/Compositing/Composure/Content/Materials/PassSetup/ComposureSimpleSetupMaterial.uexp" 386
"../../../Engine/Plugins/Compositing/Composure/Content/Materials/PassSetup/ComposureBeforeTranslucencySetBlack.uasset" 387
"../../../Engine/Plugins/Compositing/Composure/Content/Materials/PassSetup/ComposureBeforeTranslucencySetBlack.uexp" 388
"../../../Engine/Plugins/Compositing/Composure/Content/Materials/Media/T_EmptyMediaTexture.uasset" 389
"../../../Engine/Plugins/Compositing/Composure/Content/Materials/Media/T_EmptyMediaTexture.uexp" 390
"../../../Engine/Plugins/Compositing/Composure/Content/Materials/Media/M_VideoPlateDefault.uasset" 391
"../../../Engine/Plugins/Compositing/Composure/Content/Materials/Media/M_VideoPlateDefault.uexp" 392
"../../../Engine/Plugins/Compositing/Composure/Content/Materials/Media/M_StaticVideoPlateDebug.uasset" 393
"../../../Engine/Plugins/Compositing/Composure/Content/Materials/Media/M_StaticVideoPlateDebug.uexp" 394
"../../../Engine/Plugins/Compositing/Composure/Content/Materials/Compositing/M_AlphaScale.uasset" 395
"../../../Engine/Plugins/Compositing/Composure/Content/Materials/Compositing/M_AlphaScale.uexp" 396
"../../../Engine/Plugins/Compositing/Composure/Content/Materials/Compositing/UnpreMult.uasset" 397
"../../../Engine/Plugins/Compositing/Composure/Content/Materials/Compositing/UnpreMult.uexp" 398
"../../../Engine/Content/Functions/Engine_MaterialFunctions02/SmoothStep.uasset" 399
"../../../Engine/Content/Functions/Engine_MaterialFunctions02/SmoothStep.uexp" 400
"../../../Engine/Content/Functions/Engine_MaterialFunctions01/Chromakeying/RGBtoHSV.uasset" 401
"../../../Engine/Content/Functions/Engine_MaterialFunctions01/Chromakeying/RGBtoHSV.uexp" 402
"../../../Engine/Plugins/Compositing/Composure/Content/Materials/Compositing/PreMult.uasset" 403
"../../../Engine/Plugins/Compositing/Composure/Content/Materials/Compositing/PreMult.uexp" 404
"../../../Engine/Plugins/Compositing/Composure/Content/Materials/ChromaKeying/M_SinglePassDespill.uasset" 405
"../../../Engine/Plugins/Compositing/Composure/Content/Materials/ChromaKeying/M_SinglePassDespill.uexp" 406
"../../../Engine/Content/Functions/Engine_MaterialFunctions02/SplitComponents.uasset" 407
"../../../Engine/Content/Functions/Engine_MaterialFunctions02/SplitComponents.uexp" 408
"../../../Engine/Content/Functions/Engine_MaterialFunctions01/Chromakeying/DespillByAvg.uasset" 409
"../../../Engine/Content/Functions/Engine_MaterialFunctions01/Chromakeying/DespillByAvg.uexp" 410
"../../../Engine/Plugins/Compositing/Composure/Content/Materials/ChromaKeying/Bias.uasset" 411
"../../../Engine/Plugins/Compositing/Composure/Content/Materials/ChromaKeying/Bias.uexp" 412
"../../../Engine/Content/EngineResources/DefaultTexture.ubulk" 413
"../../../Engine/Content/EngineResources/DefaultTexture.uasset" 414
"../../../Engine/Content/EngineResources/DefaultTexture.uexp" 415
"../../../Engine/Plugins/Compositing/Composure/Content/Materials/Compositing/Radial.uasset" 416
"../../../Engine/Plugins/Compositing/Composure/Content/Materials/Compositing/Radial.uexp" 417
"../../../Engine/Plugins/Compositing/Composure/Content/Materials/ChromaKeying/MF_KeyColorMask.uasset" 418
"../../../Engine/Plugins/Compositing/Composure/Content/Materials/ChromaKeying/MF_KeyColorMask.uexp" 419
"../../../Engine/Plugins/Compositing/Composure/Content/Materials/ChromaKeying/M_SinglePassChromaKeyer.uasset" 420
"../../../Engine/Plugins/Compositing/Composure/Content/Materials/ChromaKeying/M_SinglePassChromaKeyer.uexp" 421
"../../../Engine/Plugins/Animation/ControlRig/Content/Controls/ControlRig_Square_3mm.uasset" 422
"../../../Engine/Plugins/Animation/ControlRig/Content/Controls/ControlRig_Square_3mm.uexp" 423
"../../../Engine/Content/VREditor/FloatingText/LineMaterial.uasset" 424
"../../../Engine/Content/VREditor/FloatingText/LineMaterial.uexp" 425
"../../../Engine/Content/VREditor/FloatingText/LineSegmentCylinder.uasset" 426
"../../../Engine/Content/VREditor/FloatingText/LineSegmentCylinder.uexp" 427
"../../../Engine/Content/EngineResources/Black.uasset" 428
"../../../Engine/Content/EngineResources/Black.uexp" 429
"../../../Engine/Plugins/Experimental/VirtualProductionUtilities/Content/Materials/VpRenderTextureMaterial.uasset" 430
"../../../Engine/Plugins/Experimental/VirtualProductionUtilities/Content/Materials/VpRenderTextureMaterial.uexp" 431
"../../../Engine/Plugins/Experimental/VirtualProductionUtilities/Content/3D/Viewfinder/M_Viewfinder_Frame.uasset" 432
"../../../Engine/Plugins/Experimental/VirtualProductionUtilities/Content/3D/Viewfinder/M_Viewfinder_Frame.uexp" 433
"../../../Engine/Plugins/Experimental/VirtualProductionUtilities/Content/3D/Viewfinder/MI_Viewfinder_Frame.uasset" 434
"../../../Engine/Plugins/Experimental/VirtualProductionUtilities/Content/3D/Viewfinder/MI_Viewfinder_Frame.uexp" 435
"../../../Engine/Plugins/Experimental/VirtualProductionUtilities/Content/3D/Viewfinder/SM_Viewfinder_ContentWindow.uasset" 436
"../../../Engine/Plugins/Experimental/VirtualProductionUtilities/Content/3D/Viewfinder/SM_Viewfinder_ContentWindow.uexp" 437
"../../../Engine/Content/VREditor/LaserPointer/LaserPointerMaterial.uasset" 438
"../../../Engine/Content/VREditor/LaserPointer/LaserPointerMaterial.uexp" 439
"../../../Engine/Content/VREditor/LaserPointer/LaserPointerMaterialInst.uasset" 440
"../../../Engine/Content/VREditor/LaserPointer/LaserPointerMaterialInst.uexp" 441
"../../../Engine/Content/EditorBlueprintResources/StandardMacros.uasset" 442
"../../../Engine/Content/EditorBlueprintResources/StandardMacros.uexp" 443
"../../../Engine/Plugins/Experimental/VirtualProductionUtilities/Content/VRTools/Snapshot.uasset" 444
"../../../Engine/Plugins/Experimental/VirtualProductionUtilities/Content/VRTools/Snapshot.uexp" 445
"../../../Engine/Plugins/Experimental/VirtualProductionUtilities/Content/BP_VirtualProductionLibrary.uasset" 446
"../../../Engine/Plugins/Experimental/VirtualProductionUtilities/Content/BP_VirtualProductionLibrary.uexp" 447
"../../../Engine/Content/Functions/Engine_MaterialFunctions01/Gradient/LinearGradient.uasset" 448
"../../../Engine/Content/Functions/Engine_MaterialFunctions01/Gradient/LinearGradient.uexp" 449
"../../../Engine/Plugins/Experimental/VirtualProductionUtilities/Content/ScoutingFlare/M_PulsingFlare.uasset" 450
"../../../Engine/Plugins/Experimental/VirtualProductionUtilities/Content/ScoutingFlare/M_PulsingFlare.uexp" 451
"../../../Engine/Content/VREditor/LaserPointer/TranslucentLaserPointerMaterialInst.uasset" 452
"../../../Engine/Content/VREditor/LaserPointer/TranslucentLaserPointerMaterialInst.uexp" 453
"../../../Engine/Content/EngineMaterials/DefaultMaterial.uasset" 454
"../../../Engine/Content/EngineMaterials/DefaultMaterial.uexp" 455
"../../../Engine/Content/BasicShapes/Cone.uasset" 456
"../../../Engine/Content/BasicShapes/Cone.uexp" 457
"../../../Engine/Plugins/Animation/ControlRig/Content/Controls/ControlRig_Square_1mm.uasset" 458
"../../../Engine/Plugins/Animation/ControlRig/Content/Controls/ControlRig_Square_1mm.uexp" 459
"../../../Engine/Plugins/Animation/ControlRig/Content/Controls/ControlRig_Sphere_solid.uasset" 460
"../../../Engine/Plugins/Animation/ControlRig/Content/Controls/ControlRig_Sphere_solid.uexp" 461
"../../../Engine/Plugins/Animation/ControlRig/Content/Controls/ControlRig_Sphere_3mm.uasset" 462
"../../../Engine/Plugins/Animation/ControlRig/Content/Controls/ControlRig_Sphere_3mm.uexp" 463
"../../../Engine/Plugins/Animation/ControlRig/Content/Controls/ControlRig_Sphere_1mm.uasset" 464
"../../../Engine/Plugins/Animation/ControlRig/Content/Controls/ControlRig_Sphere_1mm.uexp" 465
"../../../Engine/Plugins/Animation/ControlRig/Content/Controls/ControlRig_RoundedTriangle_solid.uasset" 466
"../../../Engine/Plugins/Animation/ControlRig/Content/Controls/ControlRig_RoundedTriangle_solid.uexp" 467
"../../../Engine/Plugins/Animation/ControlRig/Content/Controls/ControlRig_RoundedTriangle_3mm.uasset" 468
"../../../Engine/Plugins/Animation/ControlRig/Content/Controls/ControlRig_RoundedTriangle_3mm.uexp" 469
"../../../Engine/Plugins/Animation/ControlRig/Content/Controls/ControlRig_RoundedTriangle_1mm.uasset" 470
"../../../Engine/Plugins/Animation/ControlRig/Content/Controls/ControlRig_RoundedTriangle_1mm.uexp" 471
"../../../Engine/Plugins/Animation/ControlRig/Content/Controls/ControlRig_RoundedSquare_solid.uasset" 472
"../../../Engine/Plugins/Animation/ControlRig/Content/Controls/ControlRig_RoundedSquare_solid.uexp" 473
"../../../Engine/Plugins/Animation/ControlRig/Content/Controls/ControlRig_RoundedSquare_3mm.uasset" 474
"../../../Engine/Plugins/Animation/ControlRig/Content/Controls/ControlRig_RoundedSquare_3mm.uexp" 475
"../../../Engine/Plugins/Animation/ControlRig/Content/Controls/ControlRig_RoundedSquare_1mm.uasset" 476
"../../../Engine/Plugins/Animation/ControlRig/Content/Controls/ControlRig_RoundedSquare_1mm.uexp" 477
"../../../Engine/Plugins/Animation/ControlRig/Content/Controls/ControlRig_QuarterCircle_solid.uasset" 478
"../../../Engine/Plugins/Animation/ControlRig/Content/Controls/ControlRig_QuarterCircle_solid.uexp" 479
"../../../Engine/Plugins/Animation/ControlRig/Content/Controls/ControlRig_QuarterCircle_3mm.uasset" 480
"../../../Engine/Plugins/Animation/ControlRig/Content/Controls/ControlRig_QuarterCircle_3mm.uexp" 481
"../../../Engine/Plugins/Animation/ControlRig/Content/Controls/ControlRig_QuarterCircle_1mm.uasset" 482
"../../../Engine/Plugins/Animation/ControlRig/Content/Controls/ControlRig_QuarterCircle_1mm.uexp" 483
"../../../Engine/Plugins/Animation/ControlRig/Content/Controls/ControlRig_Pyramid_solid.uasset" 484
"../../../Engine/Plugins/Animation/ControlRig/Content/Controls/ControlRig_Pyramid_solid.uexp" 485
"../../../Engine/Plugins/Animation/ControlRig/Content/Controls/ControlRig_Pyramid_3mm.uasset" 486
"../../../Engine/Plugins/Animation/ControlRig/Content/Controls/ControlRig_Pyramid_3mm.uexp" 487
"../../../Engine/Plugins/Animation/ControlRig/Content/Controls/ControlRig_Pyramid_1mm.uasset" 488
"../../../Engine/Plugins/Animation/ControlRig/Content/Controls/ControlRig_Pyramid_1mm.uexp" 489
"../../../Engine/Plugins/Animation/ControlRig/Content/Controls/ControlRig_Octagon_solid.uasset" 490
"../../../Engine/Plugins/Animation/ControlRig/Content/Controls/ControlRig_Octagon_solid.uexp" 491
"../../../Engine/Plugins/Animation/ControlRig/Content/Controls/ControlRig_Octagon_3mm.uasset" 492
"../../../Engine/Plugins/Animation/ControlRig/Content/Controls/ControlRig_Octagon_3mm.uexp" 493
"../../../Engine/Plugins/Animation/ControlRig/Content/Controls/ControlRig_Octagon_1mm.uasset" 494
"../../../Engine/Plugins/Animation/ControlRig/Content/Controls/ControlRig_Octagon_1mm.uexp" 495
"../../../Engine/Plugins/Animation/ControlRig/Content/Controls/ControlRig_Hexagon_solid.uasset" 496
"../../../Engine/Plugins/Animation/ControlRig/Content/Controls/ControlRig_Hexagon_solid.uexp" 497
"../../../Engine/Plugins/Animation/ControlRig/Content/Controls/ControlRig_Hexagon_3mm.uasset" 498
"../../../Engine/Plugins/Animation/ControlRig/Content/Controls/ControlRig_Hexagon_3mm.uexp" 499
"../../../Engine/Plugins/Animation/ControlRig/Content/Controls/ControlRig_Hexagon_1mm.uasset" 500
"../../../Engine/Plugins/Animation/ControlRig/Content/Controls/ControlRig_Hexagon_1mm.uexp" 501
"../../../Engine/Plugins/Animation/ControlRig/Content/Controls/ControlRig_HalfCircle_solid.uasset" 502
"../../../Engine/Plugins/Animation/ControlRig/Content/Controls/ControlRig_HalfCircle_solid.uexp" 503
"../../../Engine/Plugins/Animation/ControlRig/Content/Controls/ControlRig_HalfCircle_3mm.uasset" 504
"../../../Engine/Plugins/Animation/ControlRig/Content/Controls/ControlRig_HalfCircle_3mm.uexp" 505
"../../../Engine/Plugins/Animation/ControlRig/Content/Controls/ControlRig_HalfCircle_1mm.uasset" 506
"../../../Engine/Plugins/Animation/ControlRig/Content/Controls/ControlRig_HalfCircle_1mm.uexp" 507
"../../../Engine/Plugins/Animation/ControlRig/Content/Controls/ControlRig_Diamond_solid.uasset" 508
"../../../Engine/Plugins/Animation/ControlRig/Content/Controls/ControlRig_Diamond_solid.uexp" 509
"../../../Engine/Plugins/Animation/ControlRig/Content/Controls/ControlRig_Diamond_3mm.uasset" 510
"../../../Engine/Plugins/Animation/ControlRig/Content/Controls/ControlRig_Diamond_3mm.uexp" 511
"../../../Engine/Plugins/Animation/ControlRig/Content/Controls/ControlRig_Diamond_1mm.uasset" 512
"../../../Engine/Plugins/Animation/ControlRig/Content/Controls/ControlRig_Diamond_1mm.uexp" 513
"../../../Engine/Plugins/Animation/ControlRig/Content/Controls/ControlRig_Circle_solid.uasset" 514
"../../../Engine/Plugins/Animation/ControlRig/Content/Controls/ControlRig_Circle_solid.uexp" 515
"../../../Engine/Plugins/Animation/ControlRig/Content/Controls/ControlRig_Circle_3mm.uasset" 516
"../../../Engine/Plugins/Animation/ControlRig/Content/Controls/ControlRig_Circle_3mm.uexp" 517
"../../../Engine/Plugins/Animation/ControlRig/Content/Controls/ControlRig_Circle_1mm.uasset" 518
"../../../Engine/Plugins/Animation/ControlRig/Content/Controls/ControlRig_Circle_1mm.uexp" 519
"../../../Engine/Plugins/Animation/ControlRig/Content/Controls/ControlRig_Box_solid.uasset" 520
"../../../Engine/Plugins/Animation/ControlRig/Content/Controls/ControlRig_Box_solid.uexp" 521
"../../../Engine/Plugins/Animation/ControlRig/Content/Controls/ControlRig_Box_3mm.uasset" 522
"../../../Engine/Plugins/Animation/ControlRig/Content/Controls/ControlRig_Box_3mm.uexp" 523
"../../../Engine/Plugins/Animation/ControlRig/Content/Controls/ControlRig_Box_1mm.uasset" 524
"../../../Engine/Plugins/Animation/ControlRig/Content/Controls/ControlRig_Box_1mm.uexp" 525
"../../../Engine/Plugins/Animation/ControlRig/Content/Controls/ControlRig_Arrow_solid.uasset" 526
"../../../Engine/Plugins/Animation/ControlRig/Content/Controls/ControlRig_Arrow_solid.uexp" 527
"../../../Engine/Plugins/Animation/ControlRig/Content/Controls/ControlRig_Arrow_3mm.uasset" 528
"../../../Engine/Plugins/Animation/ControlRig/Content/Controls/ControlRig_Arrow_3mm.uexp" 529
"../../../Engine/Plugins/Animation/ControlRig/Content/Controls/ControlRig_Arrow_1mm.uasset" 530
"../../../Engine/Plugins/Animation/ControlRig/Content/Controls/ControlRig_Arrow_1mm.uexp" 531
"../../../Engine/Plugins/Animation/ControlRig/Content/Controls/ControlRig_Arrow4_solid.uasset" 532
"../../../Engine/Plugins/Animation/ControlRig/Content/Controls/ControlRig_Arrow4_solid.uexp" 533
"../../../Engine/Plugins/Animation/ControlRig/Content/Controls/ControlRig_Arrow4_3mm.uasset" 534
"../../../Engine/Plugins/Animation/ControlRig/Content/Controls/ControlRig_Arrow4_3mm.uexp" 535
"../../../Engine/Plugins/Animation/ControlRig/Content/Controls/ControlRig_Arrow4_1mm.uasset" 536
"../../../Engine/Plugins/Animation/ControlRig/Content/Controls/ControlRig_Arrow4_1mm.uexp" 537
"../../../Engine/Plugins/Animation/ControlRig/Content/Controls/ControlRig_Arrow2_solid.uasset" 538
"../../../Engine/Plugins/Animation/ControlRig/Content/Controls/ControlRig_Arrow2_solid.uexp" 539
"../../../Engine/Plugins/Animation/ControlRig/Content/Controls/ControlRig_Arrow2_3mm.uasset" 540
"../../../Engine/Plugins/Animation/ControlRig/Content/Controls/ControlRig_Arrow2_3mm.uexp" 541
"../../../Engine/Plugins/Animation/ControlRig/Content/Controls/ControlRig_Arrow2_1mm.uasset" 542
"../../../Engine/Plugins/Animation/ControlRig/Content/Controls/ControlRig_Arrow2_1mm.uexp" 543
"../../../Engine/Plugins/Animation/ControlRig/Content/Controls/ControlRigGizmoMaterial.uasset" 544
"../../../Engine/Plugins/Animation/ControlRig/Content/Controls/ControlRigGizmoMaterial.uexp" 545
"../../../Engine/Plugins/Experimental/VirtualProductionUtilities/Content/Materials/WidgetPostProcessMaterial.uasset" 546
"../../../Engine/Plugins/Experimental/VirtualProductionUtilities/Content/Materials/WidgetPostProcessMaterial.uexp" 547
"../../../Engine/Plugins/Experimental/VirtualProductionUtilities/Content/Icons/S_VPRootActor.ubulk" 548
"../../../Engine/Plugins/Experimental/VirtualProductionUtilities/Content/Icons/S_VPRootActor.uasset" 549
"../../../Engine/Plugins/Experimental/VirtualProductionUtilities/Content/Icons/S_VPRootActor.uexp" 550
"../../../Engine/Content/Functions/Engine_MaterialFunctions01/Opacity/Chroma_Key_Alpha.uasset" 551
"../../../Engine/Content/Functions/Engine_MaterialFunctions01/Opacity/Chroma_Key_Alpha.uexp" 552
"../../../Engine/Plugins/Compositing/OpenCVLensDistortion/Content/Materials/MF_UVOutOfBoundMask.uasset" 553
"../../../Engine/Plugins/Compositing/OpenCVLensDistortion/Content/Materials/MF_UVOutOfBoundMask.uexp" 554
"../../../Engine/Plugins/Compositing/OpenCVLensDistortion/Content/Materials/MF_UVLensDisplacement.uasset" 555
"../../../Engine/Plugins/Compositing/OpenCVLensDistortion/Content/Materials/MF_UVLensDisplacement.uexp" 556
"../../../Engine/Content/Functions/Engine_MaterialFunctions01/Chromakeying/DespillManual.uasset" 557
"../../../Engine/Content/Functions/Engine_MaterialFunctions01/Chromakeying/DespillManual.uexp" 558
"../../../Engine/Plugins/Media/MediaFrameworkUtilities/Content/T_VideoInputFailed.uasset" 559
"../../../Engine/Plugins/Media/MediaFrameworkUtilities/Content/T_VideoInputFailed.uexp" 560
"../../../Engine/Plugins/Media/MediaFrameworkUtilities/Content/T_DefaultMedia.uasset" 561
"../../../Engine/Plugins/Media/MediaFrameworkUtilities/Content/T_DefaultMedia.uexp" 562
"../../../Engine/Content/Functions/Engine_MaterialFunctions01/Texturing/UVCropping.uasset" 563
"../../../Engine/Content/Functions/Engine_MaterialFunctions01/Texturing/UVCropping.uexp" 564
"../../../Engine/Content/Functions/Engine_MaterialFunctions01/ImageAdjustment/SCurve.uasset" 565
"../../../Engine/Content/Functions/Engine_MaterialFunctions01/ImageAdjustment/SCurve.uexp" 566
"../../../Engine/Content/Functions/Engine_MaterialFunctions02/HueShift.uasset" 567
"../../../Engine/Content/Functions/Engine_MaterialFunctions02/HueShift.uexp" 568
"../../../Engine/Content/Functions/Engine_MaterialFunctions01/ImageAdjustment/ColorCorrection.uasset" 569
"../../../Engine/Content/Functions/Engine_MaterialFunctions01/ImageAdjustment/ColorCorrection.uexp" 570
"../../../Engine/Content/MaterialTemplates/Chromakeying/MF_Chromakeyer.uasset" 571
"../../../Engine/Content/MaterialTemplates/Chromakeying/MF_Chromakeyer.uexp" 572
"../../../Engine/Plugins/Media/MediaFrameworkUtilities/Content/M_DefaultMedia.uasset" 573
"../../../Engine/Plugins/Media/MediaFrameworkUtilities/Content/M_DefaultMedia.uexp" 574
"../../../Engine/Content/BasicShapes/Plane.uasset" 575
"../../../Engine/Content/BasicShapes/Plane.uexp" 576
"../../../Engine/Plugins/Media/MediaFrameworkUtilities/Content/BP_MediaBundle_Plane_16-9.uasset" 577
"../../../Engine/Plugins/Media/MediaFrameworkUtilities/Content/BP_MediaBundle_Plane_16-9.uexp" 578
"../../../Engine/Plugins/Runtime/HairStrands/Content/Materials/HairMeshesDefaultMaterial.uasset" 579
"../../../Engine/Plugins/Runtime/HairStrands/Content/Materials/HairMeshesDefaultMaterial.uexp" 580
"../../../Engine/Plugins/Runtime/HairStrands/Content/Materials/HairDefaultMaterial.uasset" 581
"../../../Engine/Plugins/Runtime/HairStrands/Content/Materials/HairDefaultMaterial.uexp" 582
"../../../Engine/Plugins/Runtime/HairStrands/Content/Materials/HairGroupColors.uasset" 583
"../../../Engine/Plugins/Runtime/HairStrands/Content/Materials/HairGroupColors.uexp" 584
"../../../Engine/Content/EngineMaterials/HairColorMap.uasset" 585
"../../../Engine/Content/EngineMaterials/HairColorMap.uexp" 586
"../../../Engine/Content/EngineMaterials/HairDebugColor.uasset" 587
"../../../Engine/Content/EngineMaterials/HairDebugColor.uexp" 588
"../../../Engine/Plugins/Runtime/HairStrands/Content/Materials/HairDebugMaterial.uasset" 589
"../../../Engine/Plugins/Runtime/HairStrands/Content/Materials/HairDebugMaterial.uexp" 590
"../../../Engine/Plugins/Runtime/HairStrands/Content/Materials/HairCardsDefaultMaterial.uasset" 591
"../../../Engine/Plugins/Runtime/HairStrands/Content/Materials/HairCardsDefaultMaterial.uexp" 592
"../../../Engine/Plugins/Runtime/Oculus/OculusVR/Content/Materials/PokeAHoleMaterial.uasset" 593
"../../../Engine/Plugins/Runtime/Oculus/OculusVR/Content/Materials/PokeAHoleMaterial.uexp" 594
"../../../Engine/Plugins/Runtime/Oculus/OculusVR/Content/Materials/OculusMR_OpaqueColoredMaterial.uasset" 595
"../../../Engine/Plugins/Runtime/Oculus/OculusVR/Content/Materials/OculusMR_OpaqueColoredMaterial.uexp" 596
"../../../Engine/Content/Functions/Engine_MaterialFunctions02/Utility/BreakOutFloat4Components.uasset" 597
"../../../Engine/Content/Functions/Engine_MaterialFunctions02/Utility/BreakOutFloat4Components.uexp" 598
"../../../Engine/Plugins/Runtime/Oculus/OculusVR/Content/Materials/OculusMR_ChromaKey.uasset" 599
"../../../Engine/Plugins/Runtime/Oculus/OculusVR/Content/Materials/OculusMR_ChromaKey.uexp" 600
"../../../Engine/Plugins/Runtime/Oculus/OculusVR/Content/Textures/TouchForQuestRiftSController_albedo.ubulk" 601
"../../../Engine/Plugins/Runtime/Oculus/OculusVR/Content/Textures/TouchForQuestRiftSController_albedo.uasset" 602
"../../../Engine/Plugins/Runtime/Oculus/OculusVR/Content/Textures/TouchForQuestRiftSController_albedo.uexp" 603
"../../../Engine/Plugins/Runtime/Oculus/OculusVR/Content/Materials/TouchForQuestRiftSControllerMaterial.uasset" 604
"../../../Engine/Plugins/Runtime/Oculus/OculusVR/Content/Materials/TouchForQuestRiftSControllerMaterial.uexp" 605
"../../../Engine/Plugins/Runtime/Oculus/OculusVR/Content/Meshes/RightTouchForQuestRiftSController.uasset" 606
"../../../Engine/Plugins/Runtime/Oculus/OculusVR/Content/Meshes/RightTouchForQuestRiftSController.uexp" 607
"../../../Engine/Plugins/Runtime/Oculus/OculusVR/Content/Textures/touchController_albedo.ubulk" 608
"../../../Engine/Plugins/Runtime/Oculus/OculusVR/Content/Textures/touchController_albedo.uasset" 609
"../../../Engine/Plugins/Runtime/Oculus/OculusVR/Content/Textures/touchController_albedo.uexp" 610
"../../../Engine/Plugins/Runtime/Oculus/OculusVR/Content/Textures/touchController_controlmap.ubulk" 611
"../../../Engine/Plugins/Runtime/Oculus/OculusVR/Content/Textures/touchController_controlmap.uasset" 612
"../../../Engine/Plugins/Runtime/Oculus/OculusVR/Content/Textures/touchController_controlmap.uexp" 613
"../../../Engine/Plugins/Runtime/Oculus/OculusVR/Content/Materials/touchController_mat.uasset" 614
"../../../Engine/Plugins/Runtime/Oculus/OculusVR/Content/Materials/touchController_mat.uexp" 615
"../../../Engine/Plugins/Runtime/Oculus/OculusVR/Content/Meshes/RightTouchController.uasset" 616
"../../../Engine/Plugins/Runtime/Oculus/OculusVR/Content/Meshes/RightTouchController.uexp" 617
"../../../Engine/Plugins/Runtime/Oculus/OculusVR/Content/Meshes/RiftHMD.uasset" 618
"../../../Engine/Plugins/Runtime/Oculus/OculusVR/Content/Meshes/RiftHMD.uexp" 619
"../../../Engine/Plugins/Runtime/Oculus/OculusVR/Content/Meshes/LeftTouchForQuestRiftSController.uasset" 620
"../../../Engine/Plugins/Runtime/Oculus/OculusVR/Content/Meshes/LeftTouchForQuestRiftSController.uexp" 621
"../../../Engine/Plugins/Runtime/Oculus/OculusVR/Content/Meshes/LeftTouchController.uasset" 622
"../../../Engine/Plugins/Runtime/Oculus/OculusVR/Content/Meshes/LeftTouchController.uexp" 623
"../../../Engine/Plugins/Runtime/OpenXR/Content/Devices/M_XRController.uasset" 624
"../../../Engine/Plugins/Runtime/OpenXR/Content/Devices/M_XRController.uexp" 625
"../../../Engine/Plugins/Runtime/OpenXR/Content/Devices/HTCVive/BaseTexture.ubulk" 626
"../../../Engine/Plugins/Runtime/OpenXR/Content/Devices/HTCVive/BaseTexture.uasset" 627
"../../../Engine/Plugins/Runtime/OpenXR/Content/Devices/HTCVive/BaseTexture.uexp" 628
"../../../Engine/Plugins/Runtime/OpenXR/Content/Devices/HTCVive/MI_HTCVive.uasset" 629
"../../../Engine/Plugins/Runtime/OpenXR/Content/Devices/HTCVive/MI_HTCVive.uexp" 630
"../../../Engine/Plugins/Runtime/OpenXR/Content/Devices/HTCVive/HTCViveController.uasset" 631
"../../../Engine/Plugins/Runtime/OpenXR/Content/Devices/HTCVive/HTCViveController.uexp" 632
"../../../Engine/Plugins/Runtime/OpenXR/Content/Devices/MicrosoftMixedReality/NormalTexture.ubulk" 633
"../../../Engine/Plugins/Runtime/OpenXR/Content/Devices/MicrosoftMixedReality/NormalTexture.uasset" 634
"../../../Engine/Plugins/Runtime/OpenXR/Content/Devices/MicrosoftMixedReality/NormalTexture.uexp" 635
"../../../Engine/Plugins/Runtime/OpenXR/Content/Devices/MicrosoftMixedReality/EmissiveTexture.ubulk" 636
"../../../Engine/Plugins/Runtime/OpenXR/Content/Devices/MicrosoftMixedReality/EmissiveTexture.uasset" 637
"../../../Engine/Plugins/Runtime/OpenXR/Content/Devices/MicrosoftMixedReality/EmissiveTexture.uexp" 638
"../../../Engine/Plugins/Runtime/OpenXR/Content/Devices/MicrosoftMixedReality/BaseTexture.ubulk" 639
"../../../Engine/Plugins/Runtime/OpenXR/Content/Devices/MicrosoftMixedReality/BaseTexture.uasset" 640
"../../../Engine/Plugins/Runtime/OpenXR/Content/Devices/MicrosoftMixedReality/BaseTexture.uexp" 641
"../../../Engine/Plugins/Runtime/OpenXR/Content/Devices/MicrosoftMixedReality/MRTexture.ubulk" 642
"../../../Engine/Plugins/Runtime/OpenXR/Content/Devices/MicrosoftMixedReality/MRTexture.uasset" 643
"../../../Engine/Plugins/Runtime/OpenXR/Content/Devices/MicrosoftMixedReality/MRTexture.uexp" 644
"../../../Engine/Plugins/Runtime/OpenXR/Content/Devices/MicrosoftMixedReality/MI_MicrosoftMixedReality.uasset" 645
"../../../Engine/Plugins/Runtime/OpenXR/Content/Devices/MicrosoftMixedReality/MI_MicrosoftMixedReality.uexp" 646
"../../../Engine/Plugins/Runtime/OpenXR/Content/Devices/MicrosoftMixedReality/Left/left_MicrosoftMixedRealityController.uasset" 647
"../../../Engine/Plugins/Runtime/OpenXR/Content/Devices/MicrosoftMixedReality/Left/left_MicrosoftMixedRealityController.uexp" 648
"../../../Engine/Plugins/Runtime/OpenXR/Content/Devices/MicrosoftMixedReality/Right/right_MicrosoftMixedRealityController.uasset" 649
"../../../Engine/Plugins/Runtime/OpenXR/Content/Devices/MicrosoftMixedReality/Right/right_MicrosoftMixedRealityController.uexp" 650
"../../../Engine/Plugins/Runtime/OpenXR/Content/Devices/OculusGo/BaseTexture.ubulk" 651
"../../../Engine/Plugins/Runtime/OpenXR/Content/Devices/OculusGo/BaseTexture.uasset" 652
"../../../Engine/Plugins/Runtime/OpenXR/Content/Devices/OculusGo/BaseTexture.uexp" 653
"../../../Engine/Plugins/Runtime/OpenXR/Content/Devices/OculusGo/MI_OculusGo.uasset" 654
"../../../Engine/Plugins/Runtime/OpenXR/Content/Devices/OculusGo/MI_OculusGo.uexp" 655
"../../../Engine/Plugins/Runtime/OpenXR/Content/Devices/OculusGo/OculusGoController.uasset" 656
"../../../Engine/Plugins/Runtime/OpenXR/Content/Devices/OculusGo/OculusGoController.uexp" 657
"../../../Engine/Plugins/Runtime/OpenXR/Content/Devices/OculusTouch/BaseTexture.ubulk" 658
"../../../Engine/Plugins/Runtime/OpenXR/Content/Devices/OculusTouch/BaseTexture.uasset" 659
"../../../Engine/Plugins/Runtime/OpenXR/Content/Devices/OculusTouch/BaseTexture.uexp" 660
"../../../Engine/Plugins/Runtime/OpenXR/Content/Devices/OculusTouch/MRTexture.ubulk" 661
"../../../Engine/Plugins/Runtime/OpenXR/Content/Devices/OculusTouch/MRTexture.uasset" 662
"../../../Engine/Plugins/Runtime/OpenXR/Content/Devices/OculusTouch/MRTexture.uexp" 663
"../../../Engine/Plugins/Runtime/OpenXR/Content/Devices/OculusTouch/MI_OculusTouch.uasset" 664
"../../../Engine/Plugins/Runtime/OpenXR/Content/Devices/OculusTouch/MI_OculusTouch.uexp" 665
"../../../Engine/Plugins/Runtime/OpenXR/Content/Devices/OculusTouch/Left/left_OculusTouchController.uasset" 666
"../../../Engine/Plugins/Runtime/OpenXR/Content/Devices/OculusTouch/Left/left_OculusTouchController.uexp" 667
"../../../Engine/Plugins/Runtime/OpenXR/Content/Devices/OculusTouch/Right/right_OculusTouchController.uasset" 668
"../../../Engine/Plugins/Runtime/OpenXR/Content/Devices/OculusTouch/Right/right_OculusTouchController.uexp" 669
"../../../Engine/Plugins/Runtime/OpenXR/Content/Devices/OculusTouch_v3/MRTexture.ubulk" 670
"../../../Engine/Plugins/Runtime/OpenXR/Content/Devices/OculusTouch_v3/MRTexture.uasset" 671
"../../../Engine/Plugins/Runtime/OpenXR/Content/Devices/OculusTouch_v3/MRTexture.uexp" 672
"../../../Engine/Plugins/Runtime/OpenXR/Content/Devices/OculusTouch_v3/BaseTexture.ubulk" 673
"../../../Engine/Plugins/Runtime/OpenXR/Content/Devices/OculusTouch_v3/BaseTexture.uasset" 674
"../../../Engine/Plugins/Runtime/OpenXR/Content/Devices/OculusTouch_v3/BaseTexture.uexp" 675
"../../../Engine/Plugins/Runtime/OpenXR/Content/Devices/OculusTouch_v3/MI_OculusTouch_v3.uasset" 676
"../../../Engine/Plugins/Runtime/OpenXR/Content/Devices/OculusTouch_v3/MI_OculusTouch_v3.uexp" 677
"../../../Engine/Plugins/Runtime/OpenXR/Content/Devices/OculusTouch_v3/Left/left_OculusTouch_v3Controller.uasset" 678
"../../../Engine/Plugins/Runtime/OpenXR/Content/Devices/OculusTouch_v3/Left/left_OculusTouch_v3Controller.uexp" 679
"../../../Engine/Plugins/Runtime/OpenXR/Content/Devices/OculusTouch_v3/Right/right_OculusTouch_v3Controller.uasset" 680
"../../../Engine/Plugins/Runtime/OpenXR/Content/Devices/OculusTouch_v3/Right/right_OculusTouch_v3Controller.uexp" 681
"../../../Engine/Plugins/Runtime/OpenXR/Content/Devices/ValveIndex/MRTexture.ubulk" 682
"../../../Engine/Plugins/Runtime/OpenXR/Content/Devices/ValveIndex/MRTexture.uasset" 683
"../../../Engine/Plugins/Runtime/OpenXR/Content/Devices/ValveIndex/MRTexture.uexp" 684
"../../../Engine/Plugins/Runtime/OpenXR/Content/Devices/ValveIndex/BaseTexture.ubulk" 685
"../../../Engine/Plugins/Runtime/OpenXR/Content/Devices/ValveIndex/BaseTexture.uasset" 686
"../../../Engine/Plugins/Runtime/OpenXR/Content/Devices/ValveIndex/BaseTexture.uexp" 687
"../../../Engine/Plugins/Runtime/OpenXR/Content/Devices/ValveIndex/Left/MI_left_ValveIndex.uasset" 688
"../../../Engine/Plugins/Runtime/OpenXR/Content/Devices/ValveIndex/Left/MI_left_ValveIndex.uexp" 689
"../../../Engine/Plugins/Runtime/OpenXR/Content/Devices/ValveIndex/Left/left_ValveIndexController.uasset" 690
"../../../Engine/Plugins/Runtime/OpenXR/Content/Devices/ValveIndex/Left/left_ValveIndexController.uexp" 691
"../../../Engine/Plugins/Runtime/OpenXR/Content/Devices/ValveIndex/Right/MI_right_ValveIndex.uasset" 692
"../../../Engine/Plugins/Runtime/OpenXR/Content/Devices/ValveIndex/Right/MI_right_ValveIndex.uexp" 693
"../../../Engine/Plugins/Runtime/OpenXR/Content/Devices/ValveIndex/Right/right_ValveIndexController.uasset" 694
"../../../Engine/Plugins/Runtime/OpenXR/Content/Devices/ValveIndex/Right/right_ValveIndexController.uexp" 695
"../../../Engine/Content/Maps/Entry_BuiltData.uasset" 696
"../../../Engine/Content/Maps/Entry_BuiltData.uexp" 697
"../../../Engine/Content/Maps/Entry.uexp" 698
"../../../Engine/Content/Maps/Entry.umap" 699
"C:/Users/NeoPC/Documents/Unreal Projects/RollerC/Content/lambert1.uasset" 700
"C:/Users/NeoPC/Documents/Unreal Projects/RollerC/Content/lambert1.uexp" 701
"C:/Users/NeoPC/Documents/Unreal Projects/RollerC/Content/Rollercoaster.uasset" 702
"C:/Users/NeoPC/Documents/Unreal Projects/RollerC/Content/Rollercoaster.uexp" 703
"C:/Users/NeoPC/Documents/Unreal Projects/RollerC/Content/VRTemplate/Blueprints/Spline_BP.uasset" 704
"C:/Users/NeoPC/Documents/Unreal Projects/RollerC/Content/VRTemplate/Blueprints/Spline_BP.uexp" 705
"../../../Engine/Content/EngineSky/C_Sky_Horizon_Color.uasset" 706
"../../../Engine/Content/EngineSky/C_Sky_Horizon_Color.uexp" 707
"../../../Engine/Content/EngineSky/T_Sky_Stars.ubulk" 708
"../../../Engine/Content/EngineSky/T_Sky_Stars.uasset" 709
"../../../Engine/Content/EngineSky/T_Sky_Stars.uexp" 710
"../../../Engine/Content/EngineSky/T_Sky_Clouds_M.ubulk" 711
"../../../Engine/Content/EngineSky/T_Sky_Clouds_M.uasset" 712
"../../../Engine/Content/EngineSky/T_Sky_Clouds_M.uexp" 713
"../../../Engine/Content/EngineSky/T_Sky_Blue.ubulk" 714
"../../../Engine/Content/EngineSky/T_Sky_Blue.uasset" 715
"../../../Engine/Content/EngineSky/T_Sky_Blue.uexp" 716
"../../../Engine/Content/EngineSky/M_Sky_Panning_Clouds2.uasset" 717
"../../../Engine/Content/EngineSky/M_Sky_Panning_Clouds2.uexp" 718
"../../../Engine/Content/EngineSky/SM_SkySphere.uasset" 719
"../../../Engine/Content/EngineSky/SM_SkySphere.uexp" 720
"../../../Engine/Content/EngineSky/C_Sky_Cloud_Color.uasset" 721
"../../../Engine/Content/EngineSky/C_Sky_Cloud_Color.uexp" 722
"../../../Engine/Content/EngineSky/C_Sky_Zenith_Color.uasset" 723
"../../../Engine/Content/EngineSky/C_Sky_Zenith_Color.uexp" 724
"../../../Engine/Content/EngineSky/BP_Sky_Sphere.uasset" 725
"../../../Engine/Content/EngineSky/BP_Sky_Sphere.uexp" 726
"C:/Users/NeoPC/Documents/Unreal Projects/RollerC/Content/VRTemplate/Textures/T_Grid.ubulk" 727
"C:/Users/NeoPC/Documents/Unreal Projects/RollerC/Content/VRTemplate/Textures/T_Grid.uasset" 728
"C:/Users/NeoPC/Documents/Unreal Projects/RollerC/Content/VRTemplate/Textures/T_Grid.uexp" 729
"../../../Engine/Content/Functions/Engine_MaterialFunctions02/Utility/AppendMany.uasset" 730
"../../../Engine/Content/Functions/Engine_MaterialFunctions02/Utility/AppendMany.uexp" 731
"../../../Engine/Content/Functions/Engine_MaterialFunctions01/ImageAdjustment/CheapContrast.uasset" 732
"../../../Engine/Content/Functions/Engine_MaterialFunctions01/ImageAdjustment/CheapContrast.uexp" 733
"../../../Engine/Content/Functions/Engine_MaterialFunctions01/Texturing/WorldAlignedTexture.uasset" 734
"../../../Engine/Content/Functions/Engine_MaterialFunctions01/Texturing/WorldAlignedTexture.uexp" 735
"C:/Users/NeoPC/Documents/Unreal Projects/RollerC/Content/VRTemplate/Materials/M_GridRotation.uasset" 736
"C:/Users/NeoPC/Documents/Unreal Projects/RollerC/Content/VRTemplate/Materials/M_GridRotation.uexp" 737
"C:/Users/NeoPC/Documents/Unreal Projects/RollerC/Content/VRTemplate/Materials/MI_Grid_Default.uasset" 738
"C:/Users/NeoPC/Documents/Unreal Projects/RollerC/Content/VRTemplate/Materials/MI_Grid_Default.uexp" 739
"C:/Users/NeoPC/Documents/Unreal Projects/RollerC/Content/LevelPrototyping/Textures/T_GridChecker_A.ubulk" 740
"C:/Users/NeoPC/Documents/Unreal Projects/RollerC/Content/LevelPrototyping/Textures/T_GridChecker_A.uasset" 741
"C:/Users/NeoPC/Documents/Unreal Projects/RollerC/Content/LevelPrototyping/Textures/T_GridChecker_A.uexp" 742
"C:/Users/NeoPC/Documents/Unreal Projects/RollerC/Content/LevelPrototyping/Materials/MF_ProcGrid.uasset" 743
"C:/Users/NeoPC/Documents/Unreal Projects/RollerC/Content/LevelPrototyping/Materials/MF_ProcGrid.uexp" 744
"C:/Users/NeoPC/Documents/Unreal Projects/RollerC/Content/LevelPrototyping/Materials/M_PrototypeGrid.uasset" 745
"C:/Users/NeoPC/Documents/Unreal Projects/RollerC/Content/LevelPrototyping/Materials/M_PrototypeGrid.uexp" 746
"C:/Users/NeoPC/Documents/Unreal Projects/RollerC/Content/LevelPrototyping/Materials/MI_PrototypeGrid_Gray.uasset" 747
"C:/Users/NeoPC/Documents/Unreal Projects/RollerC/Content/LevelPrototyping/Materials/MI_PrototypeGrid_Gray.uexp" 748
"C:/Users/NeoPC/Documents/Unreal Projects/RollerC/Content/LevelPrototyping/Meshes/SM_Cube.uasset" 749
"C:/Users/NeoPC/Documents/Unreal Projects/RollerC/Content/LevelPrototyping/Meshes/SM_Cube.uexp" 750
"../../../Engine/Plugins/Runtime/OpenXR/Content/Devices/OculusTouch_v2/BaseTexture.ubulk" 751
"../../../Engine/Plugins/Runtime/OpenXR/Content/Devices/OculusTouch_v2/BaseTexture.uasset" 752
"../../../Engine/Plugins/Runtime/OpenXR/Content/Devices/OculusTouch_v2/BaseTexture.uexp" 753
"../../../Engine/Plugins/Runtime/OpenXR/Content/Devices/OculusTouch_v2/MRTexture.ubulk" 754
"../../../Engine/Plugins/Runtime/OpenXR/Content/Devices/OculusTouch_v2/MRTexture.uasset" 755
"../../../Engine/Plugins/Runtime/OpenXR/Content/Devices/OculusTouch_v2/MRTexture.uexp" 756
"../../../Engine/Plugins/Runtime/OpenXR/Content/Devices/OculusTouch_v2/MI_OculusTouch_v2.uasset" 757
"../../../Engine/Plugins/Runtime/OpenXR/Content/Devices/OculusTouch_v2/MI_OculusTouch_v2.uexp" 758
"../../../Engine/Plugins/Runtime/OpenXR/Content/Devices/OculusTouch_v2/Right/right_OculusTouch_v2Controller.uasset" 759
"../../../Engine/Plugins/Runtime/OpenXR/Content/Devices/OculusTouch_v2/Right/right_OculusTouch_v2Controller.uexp" 760
"../../../Engine/Plugins/Runtime/OpenXR/Content/Devices/OculusTouch_v2/Left/left_OculusTouch_v2Controller.uasset" 761
"../../../Engine/Plugins/Runtime/OpenXR/Content/Devices/OculusTouch_v2/Left/left_OculusTouch_v2Controller.uexp" 762
"C:/Users/NeoPC/Documents/Unreal Projects/RollerC/Content/VRTemplate/Blueprints/VRInteractionBPI.uasset" 763
"C:/Users/NeoPC/Documents/Unreal Projects/RollerC/Content/VRTemplate/Blueprints/VRInteractionBPI.uexp" 764
"C:/Users/NeoPC/Documents/Unreal Projects/RollerC/Content/VRTemplate/Haptics/GrabHapticEffect.uasset" 765
"C:/Users/NeoPC/Documents/Unreal Projects/RollerC/Content/VRTemplate/Haptics/GrabHapticEffect.uexp" 766
"C:/Users/NeoPC/Documents/Unreal Projects/RollerC/Content/VRTemplate/Blueprints/GrabType.uasset" 767
"C:/Users/NeoPC/Documents/Unreal Projects/RollerC/Content/VRTemplate/Blueprints/GrabType.uexp" 768
"C:/Users/NeoPC/Documents/Unreal Projects/RollerC/Content/VRTemplate/Blueprints/GrabComponent.uasset" 769
"C:/Users/NeoPC/Documents/Unreal Projects/RollerC/Content/VRTemplate/Blueprints/GrabComponent.uexp" 770
"../../../Engine/Plugins/FX/Niagara/Content/Enums/ENiagara_MassInitializationMode.uasset" 771
"../../../Engine/Plugins/FX/Niagara/Content/Enums/ENiagara_MassInitializationMode.uexp" 772
"../../../Engine/Plugins/FX/Niagara/Content/Enums/ENiagaraRandomnessMode.uasset" 773
"../../../Engine/Plugins/FX/Niagara/Content/Enums/ENiagaraRandomnessMode.uexp" 774
"../../../Engine/Plugins/FX/Niagara/Content/Enums/ENiagaraRandomnessEvaluation.uasset" 775
"../../../Engine/Plugins/FX/Niagara/Content/Enums/ENiagaraRandomnessEvaluation.uexp" 776
"../../../Engine/Plugins/FX/Niagara/Content/Functions/V2/CalculateRandomRangeInteger.uasset" 777
"../../../Engine/Plugins/FX/Niagara/Content/Functions/V2/CalculateRandomRangeInteger.uexp" 778
"../../../Engine/Plugins/FX/Niagara/Content/Enums/ENiagaraArraySamplingMode.uasset" 779
"../../../Engine/Plugins/FX/Niagara/Content/Enums/ENiagaraArraySamplingMode.uexp" 780
"../../../Engine/Plugins/FX/Niagara/Content/Enums/ENiagara_WrapClamp.uasset" 781
"../../../Engine/Plugins/FX/Niagara/Content/Enums/ENiagara_WrapClamp.uexp" 782
"../../../Engine/Plugins/FX/Niagara/Content/DynamicInputs/Arrays/SelectVectorFromArray.uasset" 783
"../../../Engine/Plugins/FX/Niagara/Content/DynamicInputs/Arrays/SelectVectorFromArray.uexp" 784
"../../../Engine/Plugins/FX/Niagara/Content/Enums/ENiagara_PositionInitializationMode.uasset" 785
"../../../Engine/Plugins/FX/Niagara/Content/Enums/ENiagara_PositionInitializationMode.uexp" 786
"../../../Engine/Plugins/FX/Niagara/Content/DynamicInputs/Multiply/Multiply_VectorByFloat.uasset" 787
"../../../Engine/Plugins/FX/Niagara/Content/DynamicInputs/Multiply/Multiply_VectorByFloat.uexp" 788
"../../../Engine/Plugins/FX/Niagara/Content/DynamicInputs/Execution/ReturnExecIndex.uasset" 789
"../../../Engine/Plugins/FX/Niagara/Content/DynamicInputs/Execution/ReturnExecIndex.uexp" 790
"../../../Engine/Plugins/FX/Niagara/Content/Functions/NormalizedExecutionIndex.uasset" 791
"../../../Engine/Plugins/FX/Niagara/Content/Functions/NormalizedExecutionIndex.uexp" 792
"../../../Engine/Plugins/FX/Niagara/Content/DynamicInputs/Execution/ReturnNormalizedExecIndex.uasset" 793
"../../../Engine/Plugins/FX/Niagara/Content/DynamicInputs/Execution/ReturnNormalizedExecIndex.uexp" 794
"../../../Engine/Plugins/FX/Niagara/Content/Enums/ENiagara_LifetimeMode.uasset" 795
"../../../Engine/Plugins/FX/Niagara/Content/Enums/ENiagara_LifetimeMode.uexp" 796
"../../../Engine/Plugins/FX/Niagara/Content/Enums/ENiagaraEmitterLifeCycleMode.uasset" 797
"../../../Engine/Plugins/FX/Niagara/Content/Enums/ENiagaraEmitterLifeCycleMode.uexp" 798
"../../../Engine/Plugins/FX/Niagara/Content/Functions/Emitter/EmitterChangeState.uasset" 799
"../../../Engine/Plugins/FX/Niagara/Content/Functions/Emitter/EmitterChangeState.uexp" 800
"../../../Engine/Plugins/FX/Niagara/Content/Enums/ENiagara_InfiniteLoopDuration.uasset" 801
"../../../Engine/Plugins/FX/Niagara/Content/Enums/ENiagara_InfiniteLoopDuration.uexp" 802
"../../../Engine/Plugins/FX/Niagara/Content/Enums/ENiagara_EmitterStateOptions.uasset" 803
"../../../Engine/Plugins/FX/Niagara/Content/Enums/ENiagara_EmitterStateOptions.uexp" 804
"../../../Engine/Plugins/FX/Niagara/Content/Enums/ENiagaraInactiveMode.uasset" 805
"../../../Engine/Plugins/FX/Niagara/Content/Enums/ENiagaraInactiveMode.uexp" 806
"../../../Engine/Plugins/FX/Niagara/Content/Enums/ENiagaraExecutionStateManagement.uasset" 807
"../../../Engine/Plugins/FX/Niagara/Content/Enums/ENiagaraExecutionStateManagement.uexp" 808
"../../../Engine/Plugins/FX/Niagara/Content/Enums/ENiagaraEmitterScalabilityMode_Limited.uasset" 809
"../../../Engine/Plugins/FX/Niagara/Content/Enums/ENiagaraEmitterScalabilityMode_Limited.uexp" 810
"../../../Engine/Plugins/FX/Niagara/Content/Modules/Emitter/EmitterState.uasset" 811
"../../../Engine/Plugins/FX/Niagara/Content/Modules/Emitter/EmitterState.uexp" 812
"../../../Engine/Plugins/FX/Niagara/Content/Functions/V2/CalculateRandomRangeFloat.uasset" 813
"../../../Engine/Plugins/FX/Niagara/Content/Functions/V2/CalculateRandomRangeFloat.uexp" 814
"../../../Engine/Plugins/FX/Niagara/Content/Modules/Emitter/SpawnBurst_Instantaneous.uasset" 815
"../../../Engine/Plugins/FX/Niagara/Content/Modules/Emitter/SpawnBurst_Instantaneous.uexp" 816
"../../../Engine/Plugins/FX/Niagara/Content/DynamicInputs/Multiply/Multiply_Vector.uasset" 817
"../../../Engine/Plugins/FX/Niagara/Content/DynamicInputs/Multiply/Multiply_Vector.uexp" 818
"../../../Engine/Plugins/FX/Niagara/Content/Functions/GetRandomInfo.uasset" 819
"../../../Engine/Plugins/FX/Niagara/Content/Functions/GetRandomInfo.uexp" 820
"../../../Engine/Plugins/FX/Niagara/Content/Functions/RandomRangeFloat.uasset" 821
"../../../Engine/Plugins/FX/Niagara/Content/Functions/RandomRangeFloat.uexp" 822
"../../../Engine/Plugins/FX/Niagara/Content/Functions/Localspace/SimulationPosition.uasset" 823
"../../../Engine/Plugins/FX/Niagara/Content/Functions/Localspace/SimulationPosition.uexp" 824
"../../../Engine/Plugins/FX/Niagara/Content/Functions/Localspace/TransformBase.uasset" 825
"../../../Engine/Plugins/FX/Niagara/Content/Functions/Localspace/TransformBase.uexp" 826
"../../../Engine/Plugins/FX/Niagara/Content/Functions/Localspace/TransformVector.uasset" 827
"../../../Engine/Plugins/FX/Niagara/Content/Functions/Localspace/TransformVector.uexp" 828
"../../../Engine/Plugins/FX/Niagara/Content/Functions/V2/CalculateRandomRange.uasset" 829
"../../../Engine/Plugins/FX/Niagara/Content/Functions/V2/CalculateRandomRange.uexp" 830
"../../../Engine/Plugins/FX/Niagara/Content/Enums/Ribbons/ENiagara_UnsetDirectSet.uasset" 831
"../../../Engine/Plugins/FX/Niagara/Content/Enums/Ribbons/ENiagara_UnsetDirectSet.uexp" 832
"../../../Engine/Plugins/FX/Niagara/Content/Enums/ENiagara_ColorInitializationMode.uasset" 833
"../../../Engine/Plugins/FX/Niagara/Content/Enums/ENiagara_ColorInitializationMode.uexp" 834
"../../../Engine/Plugins/FX/Niagara/Content/Functions/LinearColor/HueShiftLinearColor.uasset" 835
"../../../Engine/Plugins/FX/Niagara/Content/Functions/LinearColor/HueShiftLinearColor.uexp" 836
"../../../Engine/Plugins/FX/Niagara/Content/Enums/ENiagaraChannelCorrelation.uasset" 837
"../../../Engine/Plugins/FX/Niagara/Content/Enums/ENiagaraChannelCorrelation.uexp" 838
"../../../Engine/Plugins/FX/Niagara/Content/Modules/Spawn/Initialization/InitializeRibbon.uasset" 839
"../../../Engine/Plugins/FX/Niagara/Content/Modules/Spawn/Initialization/InitializeRibbon.uexp" 840
"../../../Engine/Plugins/FX/Niagara/Content/Enums/ENiagaraSystemInactiveMode.uasset" 841
"../../../Engine/Plugins/FX/Niagara/Content/Enums/ENiagaraSystemInactiveMode.uexp" 842
"../../../Engine/Plugins/FX/Niagara/Content/Functions/System/SystemChangeState.uasset" 843
"../../../Engine/Plugins/FX/Niagara/Content/Functions/System/SystemChangeState.uexp" 844
"../../../Engine/Plugins/FX/Niagara/Content/Modules/System/SystemState.uasset" 845
"../../../Engine/Plugins/FX/Niagara/Content/Modules/System/SystemState.uexp" 846
"C:/Users/NeoPC/Documents/Unreal Projects/RollerC/Content/VRTemplate/VFX/NPC_VRTemplate.uasset" 847
"C:/Users/NeoPC/Documents/Unreal Projects/RollerC/Content/VRTemplate/VFX/NPC_VRTemplate.uexp" 848
"../../../Engine/Content/EngineMaterials/Good64x64TilingNoiseHighFreq.uasset" 849
"../../../Engine/Content/EngineMaterials/Good64x64TilingNoiseHighFreq.uexp" 850
"../../../Engine/Content/Functions/Engine_MaterialFunctions02/Utility/DepthFromWorldPosition.uasset" 851
"../../../Engine/Content/Functions/Engine_MaterialFunctions02/Utility/DepthFromWorldPosition.uexp" 852
"C:/Users/NeoPC/Documents/Unreal Projects/RollerC/Content/VRTemplate/Materials/Functions/MF_OccludedPixels.uasset" 853
"C:/Users/NeoPC/Documents/Unreal Projects/RollerC/Content/VRTemplate/Materials/Functions/MF_OccludedPixels.uexp" 854
"C:/Users/NeoPC/Documents/Unreal Projects/RollerC/Content/VRTemplate/Materials/M_TeleportNoise.uasset" 855
"C:/Users/NeoPC/Documents/Unreal Projects/RollerC/Content/VRTemplate/Materials/M_TeleportNoise.uexp" 856
"../../../Engine/Plugins/FX/Niagara/Content/Functions/Math/SaturateFloat.uasset" 857
"../../../Engine/Plugins/FX/Niagara/Content/Functions/Math/SaturateFloat.uexp" 858
"../../../Engine/Plugins/FX/Niagara/Content/Icons/Modules/T_Icon_Particle_InfiniteLife.uasset" 859
"../../../Engine/Plugins/FX/Niagara/Content/Icons/Modules/T_Icon_Particle_InfiniteLife.uexp" 860
"../../../Engine/Plugins/FX/Niagara/Content/Modules/Update/Lifetime/ParticleState.uasset" 861
"../../../Engine/Plugins/FX/Niagara/Content/Modules/Update/Lifetime/ParticleState.uexp" 862
"C:/Users/NeoPC/Documents/Unreal Projects/RollerC/Content/VRTemplate/VFX/NS_PlayAreaBounds.uasset" 863
"C:/Users/NeoPC/Documents/Unreal Projects/RollerC/Content/VRTemplate/VFX/NS_PlayAreaBounds.uexp" 864
"../../../Engine/Plugins/FX/Niagara/Content/Enums/ENiagaraTorusDistributionMode.uasset" 865
"../../../Engine/Plugins/FX/Niagara/Content/Enums/ENiagaraTorusDistributionMode.uexp" 866
"../../../Engine/Plugins/FX/Niagara/Content/Enums/ENiagaraTorusMode.uasset" 867
"../../../Engine/Plugins/FX/Niagara/Content/Enums/ENiagaraTorusMode.uexp" 868
"../../../Engine/Plugins/FX/Niagara/Content/Enums/ENiagara_SizeScaleMode.uasset" 869
"../../../Engine/Plugins/FX/Niagara/Content/Enums/ENiagara_SizeScaleMode.uexp" 870
"../../../Engine/Plugins/FX/Niagara/Content/Enums/ENiagara_UVFlippingMode.uasset" 871
"../../../Engine/Plugins/FX/Niagara/Content/Enums/ENiagara_UVFlippingMode.uexp" 872
"../../../Engine/Plugins/FX/Niagara/Content/Enums/Ribbons/ENiagara_UnsetDirectSetRandom.uasset" 873
"../../../Engine/Plugins/FX/Niagara/Content/Enums/Ribbons/ENiagara_UnsetDirectSetRandom.uexp" 874
"../../../Engine/Plugins/FX/Niagara/Content/Functions/V2/CalculateRandomBool.uasset" 875
"../../../Engine/Plugins/FX/Niagara/Content/Functions/V2/CalculateRandomBool.uexp" 876
"../../../Engine/Plugins/FX/Niagara/Content/Enums/ENiagara_SpriteRotationMode.uasset" 877
"../../../Engine/Plugins/FX/Niagara/Content/Enums/ENiagara_SpriteRotationMode.uexp" 878
"../../../Engine/Plugins/FX/Niagara/Content/Modules/Spawn/Initialization/V2/InitializeParticle.uasset" 879
"../../../Engine/Plugins/FX/Niagara/Content/Modules/Spawn/Initialization/V2/InitializeParticle.uexp" 880
"C:/Users/NeoPC/Documents/Unreal Projects/RollerC/Content/VRTemplate/Materials/M_TeleportCylinder.uasset" 881
"C:/Users/NeoPC/Documents/Unreal Projects/RollerC/Content/VRTemplate/Materials/M_TeleportCylinder.uexp" 882
"../../../Engine/Content/BasicShapes/Cylinder.uasset" 883
"../../../Engine/Content/BasicShapes/Cylinder.uexp" 884
"../../../Engine/Plugins/FX/Niagara/Content/Functions/DirectionAndLengthSafe.uasset" 885
"../../../Engine/Plugins/FX/Niagara/Content/Functions/DirectionAndLengthSafe.uexp" 886
"../../../Engine/Plugins/FX/Niagara/Content/Functions/Rotation/MultiplyVectorWithQuaternion.uasset" 887
"../../../Engine/Plugins/FX/Niagara/Content/Functions/Rotation/MultiplyVectorWithQuaternion.uexp" 888
"../../../Engine/Plugins/FX/Niagara/Content/Functions/Rotation/MultiplyQuaternion.uasset" 889
"../../../Engine/Plugins/FX/Niagara/Content/Functions/Rotation/MultiplyQuaternion.uexp" 890
"../../../Engine/Plugins/FX/Niagara/Content/Functions/Rotation/FindQuatBetween.uasset" 891
"../../../Engine/Plugins/FX/Niagara/Content/Functions/Rotation/FindQuatBetween.uexp" 892
"../../../Engine/Plugins/FX/Niagara/Content/Functions/RandomRange.uasset" 893
"../../../Engine/Plugins/FX/Niagara/Content/Functions/RandomRange.uexp" 894
"../../../Engine/Plugins/FX/Niagara/Content/Enums/ENiagaraVector4_Channels.uasset" 895
"../../../Engine/Plugins/FX/Niagara/Content/Enums/ENiagaraVector4_Channels.uexp" 896
"../../../Engine/Plugins/FX/Niagara/Content/Functions/ChannelMasks/SelectV4Channel.uasset" 897
"../../../Engine/Plugins/FX/Niagara/Content/Functions/ChannelMasks/SelectV4Channel.uexp" 898
"../../../Engine/Plugins/FX/Niagara/Content/Functions/Localspace/PositionToVector.uasset" 899
"../../../Engine/Plugins/FX/Niagara/Content/Functions/Localspace/PositionToVector.uexp" 900
"../../../Engine/Plugins/FX/Niagara/Content/Functions/ParametricTorusKnot.uasset" 901
"../../../Engine/Plugins/FX/Niagara/Content/Functions/ParametricTorusKnot.uexp" 902
"../../../Engine/Plugins/FX/Niagara/Content/Functions/PolarToCartesianCoordinates.uasset" 903
"../../../Engine/Plugins/FX/Niagara/Content/Functions/PolarToCartesianCoordinates.uexp" 904
"../../../Engine/Plugins/FX/Niagara/Content/Functions/ParametricTorus.uasset" 905
"../../../Engine/Plugins/FX/Niagara/Content/Functions/ParametricTorus.uexp" 906
"../../../Engine/Plugins/FX/Niagara/Content/Functions/Rotation/AxisAngleToQuaternion.uasset" 907
"../../../Engine/Plugins/FX/Niagara/Content/Functions/Rotation/AxisAngleToQuaternion.uexp" 908
"../../../Engine/Plugins/FX/Niagara/Content/Modules/Spawn/Location/TorusLocation.uasset" 909
"../../../Engine/Plugins/FX/Niagara/Content/Modules/Spawn/Location/TorusLocation.uexp" 910
"C:/Users/NeoPC/Documents/Unreal Projects/RollerC/Content/VRTemplate/VFX/NS_TeleportRing.uasset" 911
"C:/Users/NeoPC/Documents/Unreal Projects/RollerC/Content/VRTemplate/VFX/NS_TeleportRing.uexp" 912
"C:/Users/NeoPC/Documents/Unreal Projects/RollerC/Content/VRTemplate/Blueprints/VRTeleportVisualizer.uasset" 913
"C:/Users/NeoPC/Documents/Unreal Projects/RollerC/Content/VRTemplate/Blueprints/VRTeleportVisualizer.uexp" 914
"../../../Engine/Plugins/FX/Niagara/Content/DynamicInputs/Helpers/SimulationPosition.uasset" 915
"../../../Engine/Plugins/FX/Niagara/Content/DynamicInputs/Helpers/SimulationPosition.uexp" 916
"../../../Engine/Plugins/FX/Niagara/Content/Functions/Localspace/TransformPosition.uasset" 917
"../../../Engine/Plugins/FX/Niagara/Content/Functions/Localspace/TransformPosition.uexp" 918
"../../../Engine/Plugins/FX/Niagara/Content/Modules/Beams/BeamEmitterSetup.uasset" 919
"../../../Engine/Plugins/FX/Niagara/Content/Modules/Beams/BeamEmitterSetup.uexp" 920
"../../../Engine/Plugins/FX/Niagara/Content/Modules/Spawn/Initialization/InitializeParticle.uasset" 921
"../../../Engine/Plugins/FX/Niagara/Content/Modules/Spawn/Initialization/InitializeParticle.uexp" 922
"../../../Engine/Plugins/FX/Niagara/Content/Icons/Modules/T_Icon_Solver_LimitSpeed.uasset" 923
"../../../Engine/Plugins/FX/Niagara/Content/Icons/Modules/T_Icon_Solver_LimitSpeed.uexp" 924
"../../../Engine/Plugins/FX/Niagara/Content/Modules/Solvers/ApplyRotationVector.uasset" 925
"../../../Engine/Plugins/FX/Niagara/Content/Modules/Solvers/ApplyRotationVector.uexp" 926
"../../../Engine/Plugins/FX/Niagara/Content/Icons/Modules/T_Icon_Solver_RotationalSolve.uasset" 927
"../../../Engine/Plugins/FX/Niagara/Content/Icons/Modules/T_Icon_Solver_RotationalSolve.uexp" 928
"../../../Engine/Plugins/FX/Niagara/Content/Icons/Modules/T_Icon_Solver_LimitAccel.uasset" 929
"../../../Engine/Plugins/FX/Niagara/Content/Icons/Modules/T_Icon_Solver_LimitAccel.uexp" 930
"../../../Engine/Plugins/FX/Niagara/Content/Modules/Solvers/SolveForcesAndVelocity.uasset" 931
"../../../Engine/Plugins/FX/Niagara/Content/Modules/Solvers/SolveForcesAndVelocity.uexp" 932
"../../../Engine/Plugins/FX/Niagara/Content/Functions/Spline/FindPositionOnBezierSpline.uasset" 933
"../../../Engine/Plugins/FX/Niagara/Content/Functions/Spline/FindPositionOnBezierSpline.uexp" 934
"../../../Engine/Plugins/FX/Niagara/Content/Modules/Beams/SpawnBeam.uasset" 935
"../../../Engine/Plugins/FX/Niagara/Content/Modules/Beams/SpawnBeam.uexp" 936
"../../../Engine/Plugins/FX/Niagara/Content/Modules/Beams/BeamWidth.uasset" 937
"../../../Engine/Plugins/FX/Niagara/Content/Modules/Beams/BeamWidth.uexp" 938
"C:/Users/NeoPC/Documents/Unreal Projects/RollerC/Content/VRTemplate/Materials/DefaultRibbonMaterial_NoGradient.uasset" 939
"C:/Users/NeoPC/Documents/Unreal Projects/RollerC/Content/VRTemplate/Materials/DefaultRibbonMaterial_NoGradient.uexp" 940
"../../../Engine/Plugins/FX/Niagara/Content/DynamicInputs/ValueFromCurve/FloatFromCurve.uasset" 941
"../../../Engine/Plugins/FX/Niagara/Content/DynamicInputs/ValueFromCurve/FloatFromCurve.uexp" 942
"../../../Engine/Plugins/FX/Niagara/Content/Modules/Update/Color/Color.uasset" 943
"../../../Engine/Plugins/FX/Niagara/Content/Modules/Update/Color/Color.uexp" 944
"../../../Engine/Plugins/FX/Niagara/Content/DynamicInputs/ValueFromCurve/ColorFromCurve.uasset" 945
"../../../Engine/Plugins/FX/Niagara/Content/DynamicInputs/ValueFromCurve/ColorFromCurve.uexp" 946
"C:/Users/NeoPC/Documents/Unreal Projects/RollerC/Content/VRTemplate/VFX/NS_TeleportTrace.uasset" 947
"C:/Users/NeoPC/Documents/Unreal Projects/RollerC/Content/VRTemplate/VFX/NS_TeleportTrace.uexp" 948
"../../../Engine/Content/VREditor/Devices/Generic/GenericHMDMaterial.uasset" 949
"../../../Engine/Content/VREditor/Devices/Generic/GenericHMDMaterial.uexp" 950
"../../../Engine/Content/VREditor/Devices/Generic/GenericHMD.uasset" 951
"../../../Engine/Content/VREditor/Devices/Generic/GenericHMD.uexp" 952
"../../../Engine/Content/BasicShapes/Cube.uasset" 953
"../../../Engine/Content/BasicShapes/Cube.uexp" 954
"../../../Engine/Content/BasicShapes/BasicShapeMaterial.uasset" 955
"../../../Engine/Content/BasicShapes/BasicShapeMaterial.uexp" 956
"C:/Users/NeoPC/Documents/Unreal Projects/RollerC/Content/VRTemplate/Blueprints/Cart_BP.uasset" 957
"C:/Users/NeoPC/Documents/Unreal Projects/RollerC/Content/VRTemplate/Blueprints/Cart_BP.uexp" 958
"C:/Users/NeoPC/Documents/Unreal Projects/RollerC/Content/VRTemplate/VFX/NS_MenuLaser.uasset" 959
"C:/Users/NeoPC/Documents/Unreal Projects/RollerC/Content/VRTemplate/VFX/NS_MenuLaser.uexp" 960
"C:/Users/NeoPC/Documents/Unreal Projects/RollerC/Content/VRTemplate/Blueprints/WidgetMenu.uasset" 961
"C:/Users/NeoPC/Documents/Unreal Projects/RollerC/Content/VRTemplate/Blueprints/WidgetMenu.uexp" 962
"../../../Engine/Content/BasicShapes/Sphere.uasset" 963
"../../../Engine/Content/BasicShapes/Sphere.uexp" 964
"C:/Users/NeoPC/Documents/Unreal Projects/RollerC/Content/VRTemplate/Materials/M_VRCursor.uasset" 965
"C:/Users/NeoPC/Documents/Unreal Projects/RollerC/Content/VRTemplate/Materials/M_VRCursor.uexp" 966
"C:/Users/NeoPC/Documents/Unreal Projects/RollerC/Content/VRTemplate/Blueprints/Menu.uasset" 967
"C:/Users/NeoPC/Documents/Unreal Projects/RollerC/Content/VRTemplate/Blueprints/Menu.uexp" 968
"C:/Users/NeoPC/Documents/Unreal Projects/RollerC/Content/VRTemplate/Blueprints/VRPawn.uasset" 969
"C:/Users/NeoPC/Documents/Unreal Projects/RollerC/Content/VRTemplate/Blueprints/VRPawn.uexp" 970
"C:/Users/NeoPC/Documents/Unreal Projects/RollerC/Content/VRTemplate/Blueprints/VRGameMode.uasset" 971
"C:/Users/NeoPC/Documents/Unreal Projects/RollerC/Content/VRTemplate/Blueprints/VRGameMode.uexp" 972
"C:/Users/NeoPC/Documents/Unreal Projects/RollerC/Content/VRTemplate/Maps/VRTemplateMap_BuiltData.ubulk" 973
"C:/Users/NeoPC/Documents/Unreal Projects/RollerC/Content/VRTemplate/Maps/VRTemplateMap_BuiltData.uasset" 974
"C:/Users/NeoPC/Documents/Unreal Projects/RollerC/Content/VRTemplate/Maps/VRTemplateMap_BuiltData.uexp" 975
"C:/Users/NeoPC/Documents/Unreal Projects/RollerC/Content/VRTemplate/Maps/VRTemplateMap.uexp" 976
"C:/Users/NeoPC/Documents/Unreal Projects/RollerC/Content/VRTemplate/Maps/VRTemplateMap.umap" 977
